mode: set
github.com/gozzafadillah/product/repository/mysql/mysql.go:16.79,19.14 3 0
github.com/gozzafadillah/product/repository/mysql/mysql.go:22.2,22.35 1 0
github.com/gozzafadillah/product/repository/mysql/mysql.go:19.14,21.3 1 0
github.com/gozzafadillah/product/repository/mysql/mysql.go:25.65,29.2 1 0
github.com/gozzafadillah/product/repository/mysql/mysql.go:32.70,37.28 4 0
github.com/gozzafadillah/product/repository/mysql/mysql.go:41.2,41.22 1 0
github.com/gozzafadillah/product/repository/mysql/mysql.go:37.28,39.3 1 0
github.com/gozzafadillah/product/repository/mysql/mysql.go:45.45,49.2 3 0
github.com/gozzafadillah/product/repository/mysql/mysql.go:52.78,58.2 4 0
github.com/gozzafadillah/product/repository/mysql/mysql.go:61.70,64.14 3 0
github.com/gozzafadillah/product/repository/mysql/mysql.go:67.2,67.27 1 0
github.com/gozzafadillah/product/repository/mysql/mysql.go:64.14,66.3 1 0
github.com/gozzafadillah/product/repository/mysql/mysql.go:71.74,83.2 3 0
github.com/gozzafadillah/product/repository/mysql/mysql.go:86.87,93.35 6 0
github.com/gozzafadillah/product/repository/mysql/mysql.go:96.2,96.22 1 0
github.com/gozzafadillah/product/repository/mysql/mysql.go:93.35,95.3 1 0
github.com/gozzafadillah/product/repository/mysql/mysql.go:100.80,103.2 2 0
github.com/gozzafadillah/product/handler/api/controller.go:18.70,22.2 1 0
github.com/gozzafadillah/product/handler/api/controller.go:24.56,27.37 3 0
github.com/gozzafadillah/product/handler/api/controller.go:34.2,35.16 2 0
github.com/gozzafadillah/product/handler/api/controller.go:42.2,46.4 1 0
github.com/gozzafadillah/product/handler/api/controller.go:27.37,32.3 1 0
github.com/gozzafadillah/product/handler/api/controller.go:35.16,40.3 1 0
github.com/gozzafadillah/product/handler/api/controller.go:49.56,53.16 3 0
github.com/gozzafadillah/product/handler/api/controller.go:60.2,64.4 1 0
github.com/gozzafadillah/product/handler/api/controller.go:53.16,58.3 1 0
github.com/gozzafadillah/product/handler/api/controller.go:67.56,71.37 3 0
github.com/gozzafadillah/product/handler/api/controller.go:78.2,79.16 2 0
github.com/gozzafadillah/product/handler/api/controller.go:85.2,89.4 1 0
github.com/gozzafadillah/product/handler/api/controller.go:71.37,76.3 1 0
github.com/gozzafadillah/product/handler/api/controller.go:79.16,84.3 1 0
github.com/gozzafadillah/product/handler/api/controller.go:93.60,96.16 3 0
github.com/gozzafadillah/product/handler/api/controller.go:102.2,106.4 1 0
github.com/gozzafadillah/product/handler/api/controller.go:96.16,101.3 1 0
github.com/gozzafadillah/product/handler/api/controller.go:109.63,111.16 2 0
github.com/gozzafadillah/product/handler/api/controller.go:117.2,121.4 1 0
github.com/gozzafadillah/product/handler/api/controller.go:111.16,116.3 1 0
github.com/gozzafadillah/product/handler/api/controller.go:123.61,126.22 2 0
github.com/gozzafadillah/product/handler/api/controller.go:154.2,157.4 1 0
github.com/gozzafadillah/product/handler/api/controller.go:126.22,128.17 2 0
github.com/gozzafadillah/product/handler/api/controller.go:134.3,138.5 1 0
github.com/gozzafadillah/product/handler/api/controller.go:128.17,133.4 1 0
github.com/gozzafadillah/product/handler/api/controller.go:140.8,140.29 1 0
github.com/gozzafadillah/product/handler/api/controller.go:140.29,142.17 2 0
github.com/gozzafadillah/product/handler/api/controller.go:148.3,152.5 1 0
github.com/gozzafadillah/product/handler/api/controller.go:142.17,147.4 1 0
github.com/gozzafadillah/product/handler/api/controller.go:160.64,163.37 2 0
github.com/gozzafadillah/product/handler/api/controller.go:170.2,172.16 2 0
github.com/gozzafadillah/product/handler/api/controller.go:178.2,182.4 1 0
github.com/gozzafadillah/product/handler/api/controller.go:163.37,168.3 1 0
github.com/gozzafadillah/product/handler/api/controller.go:172.16,177.3 1 0
github.com/gozzafadillah/product/handler/api/controller.go:185.58,187.20 2 0
github.com/gozzafadillah/product/handler/api/controller.go:193.2,194.16 2 0
github.com/gozzafadillah/product/handler/api/controller.go:200.2,204.4 1 0
github.com/gozzafadillah/product/handler/api/controller.go:187.20,191.3 1 0
github.com/gozzafadillah/product/handler/api/controller.go:194.16,199.3 1 0
github.com/gozzafadillah/product/handler/api/controller.go:207.65,211.16 3 0
github.com/gozzafadillah/product/handler/api/controller.go:217.2,221.4 1 0
github.com/gozzafadillah/product/handler/api/controller.go:211.16,216.3 1 0
github.com/gozzafadillah/user/handler/api/controller.go:19.61,23.2 1 0
github.com/gozzafadillah/user/handler/api/controller.go:25.53,27.37 2 0
github.com/gozzafadillah/user/handler/api/controller.go:31.2,32.20 2 0
github.com/gozzafadillah/user/handler/api/controller.go:35.2,38.4 1 0
github.com/gozzafadillah/user/handler/api/controller.go:27.37,29.3 1 0
github.com/gozzafadillah/user/handler/api/controller.go:32.20,34.3 1 0
github.com/gozzafadillah/user/handler/api/controller.go:42.52,45.37 2 0
github.com/gozzafadillah/user/handler/api/controller.go:49.2,51.16 2 0
github.com/gozzafadillah/user/handler/api/controller.go:57.2,63.4 1 0
github.com/gozzafadillah/user/handler/api/controller.go:45.37,47.3 1 0
github.com/gozzafadillah/user/handler/api/controller.go:51.16,55.3 1 0
github.com/gozzafadillah/user/handler/api/controller.go:66.54,74.16 4 0
github.com/gozzafadillah/user/handler/api/controller.go:79.2,80.16 2 0
github.com/gozzafadillah/user/handler/api/controller.go:85.2,85.33 1 0
github.com/gozzafadillah/user/handler/api/controller.go:92.2,93.16 2 0
github.com/gozzafadillah/user/handler/api/controller.go:98.2,102.4 1 0
github.com/gozzafadillah/user/handler/api/controller.go:74.16,78.3 1 0
github.com/gozzafadillah/user/handler/api/controller.go:80.16,84.3 1 0
github.com/gozzafadillah/user/handler/api/controller.go:85.33,89.3 1 0
github.com/gozzafadillah/user/handler/api/controller.go:93.16,97.3 1 0
github.com/gozzafadillah/user/handler/api/controller.go:105.56,109.16 4 0
github.com/gozzafadillah/user/handler/api/controller.go:113.2,113.21 1 0
github.com/gozzafadillah/user/handler/api/controller.go:109.16,112.3 2 0
github.com/gozzafadillah/user/domain/mocks/Repository.go:18.90,22.77 3 0
github.com/gozzafadillah/user/domain/mocks/Repository.go:28.2,29.66 2 0
github.com/gozzafadillah/user/domain/mocks/Repository.go:35.2,35.15 1 0
github.com/gozzafadillah/user/domain/mocks/Repository.go:22.77,24.3 1 0
github.com/gozzafadillah/user/domain/mocks/Repository.go:24.8,26.3 1 0
github.com/gozzafadillah/user/domain/mocks/Repository.go:29.66,31.3 1 0
github.com/gozzafadillah/user/domain/mocks/Repository.go:31.8,33.3 1 0
github.com/gozzafadillah/user/domain/mocks/Repository.go:39.65,43.59 3 0
github.com/gozzafadillah/user/domain/mocks/Repository.go:49.2,50.48 2 0
github.com/gozzafadillah/user/domain/mocks/Repository.go:56.2,56.15 1 0
github.com/gozzafadillah/user/domain/mocks/Repository.go:43.59,45.3 1 0
github.com/gozzafadillah/user/domain/mocks/Repository.go:45.8,47.3 1 0
github.com/gozzafadillah/user/domain/mocks/Repository.go:50.48,52.3 1 0
github.com/gozzafadillah/user/domain/mocks/Repository.go:52.8,54.3 1 0
github.com/gozzafadillah/user/domain/mocks/Repository.go:60.67,64.49 3 0
github.com/gozzafadillah/user/domain/mocks/Repository.go:70.2,71.51 2 0
github.com/gozzafadillah/user/domain/mocks/Repository.go:77.2,77.15 1 0
github.com/gozzafadillah/user/domain/mocks/Repository.go:64.49,66.3 1 0
github.com/gozzafadillah/user/domain/mocks/Repository.go:66.8,68.3 1 0
github.com/gozzafadillah/user/domain/mocks/Repository.go:71.51,73.3 1 0
github.com/gozzafadillah/user/domain/mocks/Repository.go:73.8,75.3 1 0
github.com/gozzafadillah/user/domain/mocks/Repository.go:81.103,85.70 3 0
github.com/gozzafadillah/user/domain/mocks/Repository.go:91.2,92.59 2 0
github.com/gozzafadillah/user/domain/mocks/Repository.go:98.2,98.15 1 0
github.com/gozzafadillah/user/domain/mocks/Repository.go:85.70,87.3 1 0
github.com/gozzafadillah/user/domain/mocks/Repository.go:87.8,89.3 1 0
github.com/gozzafadillah/user/domain/mocks/Repository.go:92.59,94.3 1 0
github.com/gozzafadillah/user/domain/mocks/Repository.go:94.8,96.3 1 0
github.com/gozzafadillah/user/domain/mocks/Repository.go:102.66,106.59 3 0
github.com/gozzafadillah/user/domain/mocks/Repository.go:112.2,113.61 2 0
github.com/gozzafadillah/user/domain/mocks/Repository.go:119.2,119.15 1 0
github.com/gozzafadillah/user/domain/mocks/Repository.go:106.59,108.3 1 0
github.com/gozzafadillah/user/domain/mocks/Repository.go:108.8,110.3 1 0
github.com/gozzafadillah/user/domain/mocks/Repository.go:113.61,115.3 1 0
github.com/gozzafadillah/user/domain/mocks/Repository.go:115.8,117.3 1 0
github.com/gozzafadillah/user/domain/mocks/Repository.go:123.46,127.19 3 0
github.com/gozzafadillah/user/domain/mocks/Repository.go:129.2,129.13 1 0
github.com/gozzafadillah/user/domain/mocks/Repository.go:127.19,127.49 1 0
github.com/gozzafadillah/product/handler/api/request/json.go:32.71,37.2 1 0
github.com/gozzafadillah/product/handler/api/request/json.go:39.54,50.2 1 0
github.com/gozzafadillah/user/handler/api/request/json.go:20.49,29.2 1 0
github.com/gozzafadillah/transaction/handler/api/controller.go:21.117,26.2 1 0
github.com/gozzafadillah/transaction/handler/api/controller.go:28.64,35.43 3 0
github.com/gozzafadillah/transaction/handler/api/controller.go:43.2,44.16 2 0
github.com/gozzafadillah/transaction/handler/api/controller.go:52.2,52.28 1 0
github.com/gozzafadillah/transaction/handler/api/controller.go:60.2,61.16 2 0
github.com/gozzafadillah/transaction/handler/api/controller.go:69.2,71.16 3 0
github.com/gozzafadillah/transaction/handler/api/controller.go:79.2,84.16 4 0
github.com/gozzafadillah/transaction/handler/api/controller.go:92.2,93.16 2 0
github.com/gozzafadillah/transaction/handler/api/controller.go:101.2,104.35 4 0
github.com/gozzafadillah/transaction/handler/api/controller.go:111.2,115.4 1 0
github.com/gozzafadillah/transaction/handler/api/controller.go:35.43,40.3 1 0
github.com/gozzafadillah/transaction/handler/api/controller.go:44.16,49.3 1 0
github.com/gozzafadillah/transaction/handler/api/controller.go:52.28,57.3 1 0
github.com/gozzafadillah/transaction/handler/api/controller.go:61.16,66.3 1 0
github.com/gozzafadillah/transaction/handler/api/controller.go:71.16,76.3 1 0
github.com/gozzafadillah/transaction/handler/api/controller.go:84.16,89.3 1 0
github.com/gozzafadillah/transaction/handler/api/controller.go:93.16,98.3 1 0
github.com/gozzafadillah/transaction/handler/api/controller.go:104.35,109.3 1 0
github.com/gozzafadillah/transaction/handler/api/controller.go:118.71,123.16 3 0
github.com/gozzafadillah/transaction/handler/api/controller.go:131.2,135.16 3 0
github.com/gozzafadillah/transaction/handler/api/controller.go:143.2,144.45 2 0
github.com/gozzafadillah/transaction/handler/api/controller.go:151.2,155.4 1 0
github.com/gozzafadillah/transaction/handler/api/controller.go:123.16,128.3 1 0
github.com/gozzafadillah/transaction/handler/api/controller.go:135.16,140.3 1 0
github.com/gozzafadillah/transaction/handler/api/controller.go:144.45,149.3 1 0
github.com/gozzafadillah/user/domain/mocks/Service.go:18.71,22.62 3 0
github.com/gozzafadillah/user/domain/mocks/Service.go:28.2,29.51 2 0
github.com/gozzafadillah/user/domain/mocks/Service.go:35.2,35.15 1 0
github.com/gozzafadillah/user/domain/mocks/Service.go:22.62,24.3 1 0
github.com/gozzafadillah/user/domain/mocks/Service.go:24.8,26.3 1 0
github.com/gozzafadillah/user/domain/mocks/Service.go:29.51,31.3 1 0
github.com/gozzafadillah/user/domain/mocks/Service.go:31.8,33.3 1 0
github.com/gozzafadillah/user/domain/mocks/Service.go:39.60,43.59 3 0
github.com/gozzafadillah/user/domain/mocks/Service.go:49.2,50.48 2 0
github.com/gozzafadillah/user/domain/mocks/Service.go:56.2,56.15 1 0
github.com/gozzafadillah/user/domain/mocks/Service.go:43.59,45.3 1 0
github.com/gozzafadillah/user/domain/mocks/Service.go:45.8,47.3 1 0
github.com/gozzafadillah/user/domain/mocks/Service.go:50.48,52.3 1 0
github.com/gozzafadillah/user/domain/mocks/Service.go:52.8,54.3 1 0
github.com/gozzafadillah/user/domain/mocks/Service.go:60.75,64.62 3 0
github.com/gozzafadillah/user/domain/mocks/Service.go:70.2,71.51 2 0
github.com/gozzafadillah/user/domain/mocks/Service.go:77.2,77.15 1 0
github.com/gozzafadillah/user/domain/mocks/Service.go:64.62,66.3 1 0
github.com/gozzafadillah/user/domain/mocks/Service.go:66.8,68.3 1 0
github.com/gozzafadillah/user/domain/mocks/Service.go:71.51,73.3 1 0
github.com/gozzafadillah/user/domain/mocks/Service.go:73.8,75.3 1 0
github.com/gozzafadillah/user/domain/mocks/Service.go:81.82,85.72 3 0
github.com/gozzafadillah/user/domain/mocks/Service.go:91.2,92.61 2 0
github.com/gozzafadillah/user/domain/mocks/Service.go:98.2,98.15 1 0
github.com/gozzafadillah/user/domain/mocks/Service.go:85.72,87.3 1 0
github.com/gozzafadillah/user/domain/mocks/Service.go:87.8,89.3 1 0
github.com/gozzafadillah/user/domain/mocks/Service.go:92.61,94.3 1 0
github.com/gozzafadillah/user/domain/mocks/Service.go:94.8,96.3 1 0
github.com/gozzafadillah/user/domain/mocks/Service.go:102.76,106.60 3 0
github.com/gozzafadillah/user/domain/mocks/Service.go:112.2,113.59 2 0
github.com/gozzafadillah/user/domain/mocks/Service.go:119.2,119.15 1 0
github.com/gozzafadillah/user/domain/mocks/Service.go:106.60,108.3 1 0
github.com/gozzafadillah/user/domain/mocks/Service.go:108.8,110.3 1 0
github.com/gozzafadillah/user/domain/mocks/Service.go:113.59,115.3 1 0
github.com/gozzafadillah/user/domain/mocks/Service.go:115.8,117.3 1 0
github.com/gozzafadillah/user/domain/mocks/Service.go:123.40,127.19 3 0
github.com/gozzafadillah/user/domain/mocks/Service.go:129.2,129.13 1 0
github.com/gozzafadillah/user/domain/mocks/Service.go:127.19,127.49 1 0
github.com/gozzafadillah/product/repository/mysql/record.go:32.60,38.2 1 0
github.com/gozzafadillah/product/repository/mysql/record.go:41.51,56.2 1 0
github.com/gozzafadillah/product/handler/api/response/json.go:24.77,30.2 1 0
github.com/gozzafadillah/product/handler/api/response/json.go:32.60,43.2 1 0
github.com/gozzafadillah/transaction/service/usecase.go:15.89,19.2 1 0
github.com/gozzafadillah/transaction/service/usecase.go:22.66,25.16 2 0
github.com/gozzafadillah/transaction/service/usecase.go:29.2,29.18 1 0
github.com/gozzafadillah/transaction/service/usecase.go:25.16,27.3 1 0
github.com/gozzafadillah/transaction/service/usecase.go:33.191,35.16 2 0
github.com/gozzafadillah/transaction/service/usecase.go:38.2,39.16 2 0
github.com/gozzafadillah/transaction/service/usecase.go:42.2,42.26 1 0
github.com/gozzafadillah/transaction/service/usecase.go:35.16,37.3 1 0
github.com/gozzafadillah/transaction/service/usecase.go:39.16,41.3 1 0
github.com/gozzafadillah/transaction/service/usecase.go:46.47,49.2 2 0
github.com/gozzafadillah/transaction/service/usecase.go:52.173,54.16 2 0
github.com/gozzafadillah/transaction/service/usecase.go:57.2,58.16 2 0
github.com/gozzafadillah/transaction/service/usecase.go:61.2,61.29 1 0
github.com/gozzafadillah/transaction/service/usecase.go:54.16,56.3 1 0
github.com/gozzafadillah/transaction/service/usecase.go:58.16,60.3 1 0
github.com/gozzafadillah/transaction/service/usecase.go:65.89,66.63 1 0
github.com/gozzafadillah/transaction/service/usecase.go:74.2,74.14 1 0
github.com/gozzafadillah/transaction/service/usecase.go:66.63,68.80 2 0
github.com/gozzafadillah/transaction/service/usecase.go:68.80,72.4 3 0
github.com/gozzafadillah/transaction/service/usecase.go:76.122,79.16 2 0
github.com/gozzafadillah/transaction/service/usecase.go:82.2,83.16 2 0
github.com/gozzafadillah/transaction/service/usecase.go:86.2,87.28 2 0
github.com/gozzafadillah/transaction/service/usecase.go:90.2,90.23 1 0
github.com/gozzafadillah/transaction/service/usecase.go:79.16,81.3 1 0
github.com/gozzafadillah/transaction/service/usecase.go:83.16,85.3 1 0
github.com/gozzafadillah/transaction/service/usecase.go:87.28,89.3 1 0
github.com/gozzafadillah/transaction/service/usecase.go:94.64,96.16 2 0
github.com/gozzafadillah/transaction/service/usecase.go:99.2,99.12 1 0
github.com/gozzafadillah/transaction/service/usecase.go:96.16,98.3 1 0
github.com/gozzafadillah/transaction/service/usecase.go:103.62,105.16 2 0
github.com/gozzafadillah/transaction/service/usecase.go:108.2,108.12 1 0
github.com/gozzafadillah/transaction/service/usecase.go:105.16,107.3 1 0
github.com/gozzafadillah/transaction/service/usecase.go:112.84,115.2 2 0
github.com/gozzafadillah/transaction/service/usecase.go:118.91,120.16 2 0
github.com/gozzafadillah/transaction/service/usecase.go:123.2,123.20 1 0
github.com/gozzafadillah/transaction/service/usecase.go:120.16,122.3 1 0
github.com/gozzafadillah/transaction/repository/mysql/mysql.go:23.59,27.2 3 0
github.com/gozzafadillah/transaction/repository/mysql/mysql.go:30.92,34.2 3 0
github.com/gozzafadillah/transaction/repository/mysql/mysql.go:36.73,40.2 1 0
github.com/gozzafadillah/transaction/repository/mysql/mysql.go:43.60,47.2 3 0
github.com/gozzafadillah/transaction/repository/mysql/mysql.go:50.110,61.16 9 0
github.com/gozzafadillah/transaction/repository/mysql/mysql.go:65.2,67.16 3 0
github.com/gozzafadillah/transaction/repository/mysql/mysql.go:71.2,73.62 3 0
github.com/gozzafadillah/transaction/repository/mysql/mysql.go:78.2,78.14 1 0
github.com/gozzafadillah/transaction/repository/mysql/mysql.go:61.16,63.3 1 0
github.com/gozzafadillah/transaction/repository/mysql/mysql.go:67.16,69.3 1 0
github.com/gozzafadillah/transaction/repository/mysql/mysql.go:73.62,74.125 1 0
github.com/gozzafadillah/transaction/repository/mysql/mysql.go:74.125,76.4 1 0
github.com/gozzafadillah/transaction/repository/mysql/mysql.go:82.122,93.16 9 0
github.com/gozzafadillah/transaction/repository/mysql/mysql.go:97.2,99.16 3 0
github.com/gozzafadillah/transaction/repository/mysql/mysql.go:103.2,105.28 3 0
github.com/gozzafadillah/transaction/repository/mysql/mysql.go:93.16,95.3 1 0
github.com/gozzafadillah/transaction/repository/mysql/mysql.go:99.16,101.3 1 0
github.com/gozzafadillah/transaction/repository/mysql/mysql.go:109.63,117.16 6 0
github.com/gozzafadillah/transaction/repository/mysql/mysql.go:121.2,129.54 7 0
github.com/gozzafadillah/transaction/repository/mysql/mysql.go:137.2,137.41 1 0
github.com/gozzafadillah/transaction/repository/mysql/mysql.go:117.16,119.3 1 0
github.com/gozzafadillah/transaction/repository/mysql/mysql.go:129.54,130.50 1 0
github.com/gozzafadillah/transaction/repository/mysql/mysql.go:130.50,135.4 4 0
github.com/gozzafadillah/transaction/repository/mysql/mysql.go:141.89,145.2 3 0
github.com/gozzafadillah/transaction/repository/mysql/mysql.go:148.85,152.2 3 0
github.com/gozzafadillah/transaction/repository/mysql/mysql.go:155.87,159.2 3 0
github.com/gozzafadillah/transaction/repository/mysql/mysql.go:162.163,171.2 8 0
github.com/gozzafadillah/transaction/repository/mysql/mysql.go:174.142,186.2 11 0
github.com/gozzafadillah/transaction/handler/api/response/json.go:30.90,40.2 1 0
github.com/gozzafadillah/transaction/handler/api/response/json.go:41.81,54.2 1 0
github.com/gozzafadillah/product/domain/mocks/Repository.go:18.45,22.48 3 1
github.com/gozzafadillah/product/domain/mocks/Repository.go:28.2,28.11 1 1
github.com/gozzafadillah/product/domain/mocks/Repository.go:22.48,24.3 1 0
github.com/gozzafadillah/product/domain/mocks/Repository.go:24.8,26.3 1 1
github.com/gozzafadillah/product/domain/mocks/Repository.go:32.70,36.64 3 1
github.com/gozzafadillah/product/domain/mocks/Repository.go:42.2,43.48 2 1
github.com/gozzafadillah/product/domain/mocks/Repository.go:49.2,49.15 1 1
github.com/gozzafadillah/product/domain/mocks/Repository.go:36.64,38.3 1 0
github.com/gozzafadillah/product/domain/mocks/Repository.go:38.8,40.3 1 1
github.com/gozzafadillah/product/domain/mocks/Repository.go:43.48,45.3 1 0
github.com/gozzafadillah/product/domain/mocks/Repository.go:45.8,47.3 1 1
github.com/gozzafadillah/product/domain/mocks/Repository.go:53.87,57.69 3 1
github.com/gozzafadillah/product/domain/mocks/Repository.go:65.2,66.51 2 1
github.com/gozzafadillah/product/domain/mocks/Repository.go:72.2,72.15 1 1
github.com/gozzafadillah/product/domain/mocks/Repository.go:57.69,59.3 1 0
github.com/gozzafadillah/product/domain/mocks/Repository.go:59.8,60.24 1 1
github.com/gozzafadillah/product/domain/mocks/Repository.go:60.24,62.4 1 1
github.com/gozzafadillah/product/domain/mocks/Repository.go:66.51,68.3 1 0
github.com/gozzafadillah/product/domain/mocks/Repository.go:68.8,70.3 1 1
github.com/gozzafadillah/product/domain/mocks/Repository.go:76.79,80.65 3 1
github.com/gozzafadillah/product/domain/mocks/Repository.go:86.2,87.48 2 1
github.com/gozzafadillah/product/domain/mocks/Repository.go:93.2,93.15 1 1
github.com/gozzafadillah/product/domain/mocks/Repository.go:80.65,82.3 1 0
github.com/gozzafadillah/product/domain/mocks/Repository.go:82.8,84.3 1 1
github.com/gozzafadillah/product/domain/mocks/Repository.go:87.48,89.3 1 0
github.com/gozzafadillah/product/domain/mocks/Repository.go:89.8,91.3 1 1
github.com/gozzafadillah/product/domain/mocks/Repository.go:97.70,101.63 3 1
github.com/gozzafadillah/product/domain/mocks/Repository.go:109.2,110.45 2 1
github.com/gozzafadillah/product/domain/mocks/Repository.go:116.2,116.15 1 1
github.com/gozzafadillah/product/domain/mocks/Repository.go:101.63,103.3 1 0
github.com/gozzafadillah/product/domain/mocks/Repository.go:103.8,104.24 1 1
github.com/gozzafadillah/product/domain/mocks/Repository.go:104.24,106.4 1 1
github.com/gozzafadillah/product/domain/mocks/Repository.go:110.45,112.3 1 0
github.com/gozzafadillah/product/domain/mocks/Repository.go:112.8,114.3 1 1
github.com/gozzafadillah/product/domain/mocks/Repository.go:120.80,124.65 3 1
github.com/gozzafadillah/product/domain/mocks/Repository.go:130.2,131.67 2 1
github.com/gozzafadillah/product/domain/mocks/Repository.go:137.2,137.15 1 1
github.com/gozzafadillah/product/domain/mocks/Repository.go:124.65,126.3 1 0
github.com/gozzafadillah/product/domain/mocks/Repository.go:126.8,128.3 1 1
github.com/gozzafadillah/product/domain/mocks/Repository.go:131.67,133.3 1 0
github.com/gozzafadillah/product/domain/mocks/Repository.go:133.8,135.3 1 1
github.com/gozzafadillah/product/domain/mocks/Repository.go:141.78,145.64 3 1
github.com/gozzafadillah/product/domain/mocks/Repository.go:151.2,152.66 2 1
github.com/gozzafadillah/product/domain/mocks/Repository.go:158.2,158.15 1 1
github.com/gozzafadillah/product/domain/mocks/Repository.go:145.64,147.3 1 0
github.com/gozzafadillah/product/domain/mocks/Repository.go:147.8,149.3 1 1
github.com/gozzafadillah/product/domain/mocks/Repository.go:152.66,154.3 1 0
github.com/gozzafadillah/product/domain/mocks/Repository.go:154.8,156.3 1 1
github.com/gozzafadillah/product/domain/mocks/Repository.go:162.74,166.71 3 1
github.com/gozzafadillah/product/domain/mocks/Repository.go:172.2,172.11 1 1
github.com/gozzafadillah/product/domain/mocks/Repository.go:166.71,168.3 1 0
github.com/gozzafadillah/product/domain/mocks/Repository.go:168.8,170.3 1 1
github.com/gozzafadillah/product/domain/mocks/Repository.go:176.46,180.19 3 0
github.com/gozzafadillah/product/domain/mocks/Repository.go:182.2,182.13 1 0
github.com/gozzafadillah/product/domain/mocks/Repository.go:180.19,180.49 1 0
github.com/gozzafadillah/user/repository/mysql/mysql.go:12.59,16.2 1 0
github.com/gozzafadillah/user/repository/mysql/mysql.go:21.87,27.2 5 0
github.com/gozzafadillah/user/repository/mysql/mysql.go:29.64,33.2 3 0
github.com/gozzafadillah/user/repository/mysql/mysql.go:36.73,40.2 3 0
github.com/gozzafadillah/user/repository/mysql/mysql.go:43.111,47.2 3 0
github.com/gozzafadillah/user/repository/mysql/mysql.go:50.70,55.2 4 0
github.com/gozzafadillah/user/handler/api/response/json.go:12.55,19.2 1 0
github.com/gozzafadillah/transaction/domain/mocks/Repository.go:20.55,24.51 3 0
github.com/gozzafadillah/transaction/domain/mocks/Repository.go:30.2,30.11 1 0
github.com/gozzafadillah/transaction/domain/mocks/Repository.go:24.51,26.3 1 0
github.com/gozzafadillah/transaction/domain/mocks/Repository.go:26.8,28.3 1 0
github.com/gozzafadillah/transaction/domain/mocks/Repository.go:34.109,38.73 3 0
github.com/gozzafadillah/transaction/domain/mocks/Repository.go:44.2,44.11 1 0
github.com/gozzafadillah/transaction/domain/mocks/Repository.go:38.73,40.3 1 0
github.com/gozzafadillah/transaction/domain/mocks/Repository.go:40.8,42.3 1 0
github.com/gozzafadillah/transaction/domain/mocks/Repository.go:48.88,52.72 3 0
github.com/gozzafadillah/transaction/domain/mocks/Repository.go:58.2,59.51 2 0
github.com/gozzafadillah/transaction/domain/mocks/Repository.go:65.2,65.15 1 0
github.com/gozzafadillah/transaction/domain/mocks/Repository.go:52.72,54.3 1 0
github.com/gozzafadillah/transaction/domain/mocks/Repository.go:54.8,56.3 1 0
github.com/gozzafadillah/transaction/domain/mocks/Repository.go:59.51,61.3 1 0
github.com/gozzafadillah/transaction/domain/mocks/Repository.go:61.8,63.3 1 0
github.com/gozzafadillah/transaction/domain/mocks/Repository.go:69.81,73.69 3 0
github.com/gozzafadillah/transaction/domain/mocks/Repository.go:79.2,80.48 2 0
github.com/gozzafadillah/transaction/domain/mocks/Repository.go:86.2,86.15 1 0
github.com/gozzafadillah/transaction/domain/mocks/Repository.go:73.69,75.3 1 0
github.com/gozzafadillah/transaction/domain/mocks/Repository.go:75.8,77.3 1 0
github.com/gozzafadillah/transaction/domain/mocks/Repository.go:80.48,82.3 1 0
github.com/gozzafadillah/transaction/domain/mocks/Repository.go:82.8,84.3 1 0
github.com/gozzafadillah/transaction/domain/mocks/Repository.go:90.59,94.49 3 0
github.com/gozzafadillah/transaction/domain/mocks/Repository.go:100.2,101.51 2 0
github.com/gozzafadillah/transaction/domain/mocks/Repository.go:107.2,107.15 1 0
github.com/gozzafadillah/transaction/domain/mocks/Repository.go:94.49,96.3 1 0
github.com/gozzafadillah/transaction/domain/mocks/Repository.go:96.8,98.3 1 0
github.com/gozzafadillah/transaction/domain/mocks/Repository.go:101.51,103.3 1 0
github.com/gozzafadillah/transaction/domain/mocks/Repository.go:103.8,105.3 1 0
github.com/gozzafadillah/transaction/domain/mocks/Repository.go:111.83,115.75 3 0
github.com/gozzafadillah/transaction/domain/mocks/Repository.go:121.2,122.51 2 0
github.com/gozzafadillah/transaction/domain/mocks/Repository.go:128.2,128.15 1 0
github.com/gozzafadillah/transaction/domain/mocks/Repository.go:115.75,117.3 1 0
github.com/gozzafadillah/transaction/domain/mocks/Repository.go:117.8,119.3 1 0
github.com/gozzafadillah/transaction/domain/mocks/Repository.go:122.51,124.3 1 0
github.com/gozzafadillah/transaction/domain/mocks/Repository.go:124.8,126.3 1 0
github.com/gozzafadillah/transaction/domain/mocks/Repository.go:132.85,136.72 3 0
github.com/gozzafadillah/transaction/domain/mocks/Repository.go:142.2,143.48 2 0
github.com/gozzafadillah/transaction/domain/mocks/Repository.go:149.2,149.15 1 0
github.com/gozzafadillah/transaction/domain/mocks/Repository.go:136.72,138.3 1 0
github.com/gozzafadillah/transaction/domain/mocks/Repository.go:138.8,140.3 1 0
github.com/gozzafadillah/transaction/domain/mocks/Repository.go:143.48,145.3 1 0
github.com/gozzafadillah/transaction/domain/mocks/Repository.go:145.8,147.3 1 0
github.com/gozzafadillah/transaction/domain/mocks/Repository.go:153.118,157.85 3 0
github.com/gozzafadillah/transaction/domain/mocks/Repository.go:163.2,164.66 2 0
github.com/gozzafadillah/transaction/domain/mocks/Repository.go:170.2,170.15 1 0
github.com/gozzafadillah/transaction/domain/mocks/Repository.go:157.85,159.3 1 0
github.com/gozzafadillah/transaction/domain/mocks/Repository.go:159.8,161.3 1 0
github.com/gozzafadillah/transaction/domain/mocks/Repository.go:164.66,166.3 1 0
github.com/gozzafadillah/transaction/domain/mocks/Repository.go:166.8,168.3 1 0
github.com/gozzafadillah/transaction/domain/mocks/Repository.go:174.159,178.113 3 0
github.com/gozzafadillah/transaction/domain/mocks/Repository.go:184.2,185.115 2 0
github.com/gozzafadillah/transaction/domain/mocks/Repository.go:191.2,191.15 1 0
github.com/gozzafadillah/transaction/domain/mocks/Repository.go:178.113,180.3 1 0
github.com/gozzafadillah/transaction/domain/mocks/Repository.go:180.8,182.3 1 0
github.com/gozzafadillah/transaction/domain/mocks/Repository.go:185.115,187.3 1 0
github.com/gozzafadillah/transaction/domain/mocks/Repository.go:187.8,189.3 1 0
github.com/gozzafadillah/transaction/domain/mocks/Repository.go:195.138,199.95 3 0
github.com/gozzafadillah/transaction/domain/mocks/Repository.go:205.2,206.97 2 0
github.com/gozzafadillah/transaction/domain/mocks/Repository.go:212.2,212.15 1 0
github.com/gozzafadillah/transaction/domain/mocks/Repository.go:199.95,201.3 1 0
github.com/gozzafadillah/transaction/domain/mocks/Repository.go:201.8,203.3 1 0
github.com/gozzafadillah/transaction/domain/mocks/Repository.go:206.97,208.3 1 0
github.com/gozzafadillah/transaction/domain/mocks/Repository.go:208.8,210.3 1 0
github.com/gozzafadillah/transaction/domain/mocks/Repository.go:216.56,220.53 3 0
github.com/gozzafadillah/transaction/domain/mocks/Repository.go:226.2,226.11 1 0
github.com/gozzafadillah/transaction/domain/mocks/Repository.go:220.53,222.3 1 0
github.com/gozzafadillah/transaction/domain/mocks/Repository.go:222.8,224.3 1 0
github.com/gozzafadillah/transaction/domain/mocks/Repository.go:230.46,234.19 3 0
github.com/gozzafadillah/transaction/domain/mocks/Repository.go:236.2,236.13 1 0
github.com/gozzafadillah/transaction/domain/mocks/Repository.go:234.19,234.49 1 0
github.com/gozzafadillah/transaction/domain/mocks/Service.go:20.52,24.51 3 0
github.com/gozzafadillah/transaction/domain/mocks/Service.go:30.2,30.11 1 0
github.com/gozzafadillah/transaction/domain/mocks/Service.go:24.51,26.3 1 0
github.com/gozzafadillah/transaction/domain/mocks/Service.go:26.8,28.3 1 0
github.com/gozzafadillah/transaction/domain/mocks/Service.go:34.56,38.49 3 0
github.com/gozzafadillah/transaction/domain/mocks/Service.go:44.2,45.51 2 0
github.com/gozzafadillah/transaction/domain/mocks/Service.go:51.2,51.15 1 0
github.com/gozzafadillah/transaction/domain/mocks/Service.go:38.49,40.3 1 0
github.com/gozzafadillah/transaction/domain/mocks/Service.go:40.8,42.3 1 0
github.com/gozzafadillah/transaction/domain/mocks/Service.go:45.51,47.3 1 0
github.com/gozzafadillah/transaction/domain/mocks/Service.go:47.8,49.3 1 0
github.com/gozzafadillah/transaction/domain/mocks/Service.go:55.181,59.136 3 0
github.com/gozzafadillah/transaction/domain/mocks/Service.go:65.2,66.115 2 0
github.com/gozzafadillah/transaction/domain/mocks/Service.go:72.2,72.15 1 0
github.com/gozzafadillah/transaction/domain/mocks/Service.go:59.136,61.3 1 0
github.com/gozzafadillah/transaction/domain/mocks/Service.go:61.8,63.3 1 0
github.com/gozzafadillah/transaction/domain/mocks/Service.go:66.115,68.3 1 0
github.com/gozzafadillah/transaction/domain/mocks/Service.go:68.8,70.3 1 0
github.com/gozzafadillah/transaction/domain/mocks/Service.go:76.163,80.121 3 0
github.com/gozzafadillah/transaction/domain/mocks/Service.go:86.2,87.97 2 0
github.com/gozzafadillah/transaction/domain/mocks/Service.go:93.2,93.15 1 0
github.com/gozzafadillah/transaction/domain/mocks/Service.go:80.121,82.3 1 0
github.com/gozzafadillah/transaction/domain/mocks/Service.go:82.8,84.3 1 0
github.com/gozzafadillah/transaction/domain/mocks/Service.go:87.97,89.3 1 0
github.com/gozzafadillah/transaction/domain/mocks/Service.go:89.8,91.3 1 0
github.com/gozzafadillah/transaction/domain/mocks/Service.go:98.81,102.72 3 0
github.com/gozzafadillah/transaction/domain/mocks/Service.go:108.2,109.51 2 0
github.com/gozzafadillah/transaction/domain/mocks/Service.go:115.2,115.15 1 0
github.com/gozzafadillah/transaction/domain/mocks/Service.go:102.72,104.3 1 0
github.com/gozzafadillah/transaction/domain/mocks/Service.go:104.8,106.3 1 0
github.com/gozzafadillah/transaction/domain/mocks/Service.go:109.51,111.3 1 0
github.com/gozzafadillah/transaction/domain/mocks/Service.go:111.8,113.3 1 0
github.com/gozzafadillah/transaction/domain/mocks/Service.go:119.37,123.46 3 0
github.com/gozzafadillah/transaction/domain/mocks/Service.go:129.2,129.11 1 0
github.com/gozzafadillah/transaction/domain/mocks/Service.go:123.46,125.3 1 0
github.com/gozzafadillah/transaction/domain/mocks/Service.go:125.8,127.3 1 0
github.com/gozzafadillah/transaction/domain/mocks/Service.go:133.77,137.51 3 0
github.com/gozzafadillah/transaction/domain/mocks/Service.go:143.2,143.11 1 0
github.com/gozzafadillah/transaction/domain/mocks/Service.go:137.51,139.3 1 0
github.com/gozzafadillah/transaction/domain/mocks/Service.go:139.8,141.3 1 0
github.com/gozzafadillah/transaction/domain/mocks/Service.go:147.112,151.72 3 0
github.com/gozzafadillah/transaction/domain/mocks/Service.go:157.2,158.75 2 0
github.com/gozzafadillah/transaction/domain/mocks/Service.go:164.2,165.74 2 0
github.com/gozzafadillah/transaction/domain/mocks/Service.go:171.2,171.19 1 0
github.com/gozzafadillah/transaction/domain/mocks/Service.go:151.72,153.3 1 0
github.com/gozzafadillah/transaction/domain/mocks/Service.go:153.8,155.3 1 0
github.com/gozzafadillah/transaction/domain/mocks/Service.go:158.75,160.3 1 0
github.com/gozzafadillah/transaction/domain/mocks/Service.go:160.8,162.3 1 0
github.com/gozzafadillah/transaction/domain/mocks/Service.go:165.74,167.3 1 0
github.com/gozzafadillah/transaction/domain/mocks/Service.go:167.8,169.3 1 0
github.com/gozzafadillah/transaction/domain/mocks/Service.go:175.54,179.53 3 0
github.com/gozzafadillah/transaction/domain/mocks/Service.go:185.2,185.11 1 0
github.com/gozzafadillah/transaction/domain/mocks/Service.go:179.53,181.3 1 0
github.com/gozzafadillah/transaction/domain/mocks/Service.go:181.8,183.3 1 0
github.com/gozzafadillah/transaction/domain/mocks/Service.go:189.40,193.19 3 0
github.com/gozzafadillah/transaction/domain/mocks/Service.go:195.2,195.13 1 0
github.com/gozzafadillah/transaction/domain/mocks/Service.go:193.19,193.49 1 0
github.com/gozzafadillah/product/domain/mocks/Service.go:18.77,22.64 3 0
github.com/gozzafadillah/product/domain/mocks/Service.go:28.2,29.48 2 0
github.com/gozzafadillah/product/domain/mocks/Service.go:35.2,35.15 1 0
github.com/gozzafadillah/product/domain/mocks/Service.go:22.64,24.3 1 0
github.com/gozzafadillah/product/domain/mocks/Service.go:24.8,26.3 1 0
github.com/gozzafadillah/product/domain/mocks/Service.go:29.48,31.3 1 0
github.com/gozzafadillah/product/domain/mocks/Service.go:31.8,33.3 1 0
github.com/gozzafadillah/product/domain/mocks/Service.go:39.98,43.84 3 0
github.com/gozzafadillah/product/domain/mocks/Service.go:49.2,50.67 2 0
github.com/gozzafadillah/product/domain/mocks/Service.go:56.2,56.15 1 0
github.com/gozzafadillah/product/domain/mocks/Service.go:43.84,45.3 1 0
github.com/gozzafadillah/product/domain/mocks/Service.go:45.8,47.3 1 0
github.com/gozzafadillah/product/domain/mocks/Service.go:50.67,52.3 1 0
github.com/gozzafadillah/product/domain/mocks/Service.go:52.8,54.3 1 0
github.com/gozzafadillah/product/domain/mocks/Service.go:60.95,64.82 3 0
github.com/gozzafadillah/product/domain/mocks/Service.go:70.2,71.66 2 0
github.com/gozzafadillah/product/domain/mocks/Service.go:77.2,77.15 1 0
github.com/gozzafadillah/product/domain/mocks/Service.go:64.82,66.3 1 0
github.com/gozzafadillah/product/domain/mocks/Service.go:66.8,68.3 1 0
github.com/gozzafadillah/product/domain/mocks/Service.go:71.66,73.3 1 0
github.com/gozzafadillah/product/domain/mocks/Service.go:73.8,75.3 1 0
github.com/gozzafadillah/product/domain/mocks/Service.go:81.74,85.64 3 0
github.com/gozzafadillah/product/domain/mocks/Service.go:91.2,92.48 2 0
github.com/gozzafadillah/product/domain/mocks/Service.go:98.2,98.15 1 0
github.com/gozzafadillah/product/domain/mocks/Service.go:85.64,87.3 1 0
github.com/gozzafadillah/product/domain/mocks/Service.go:87.8,89.3 1 0
github.com/gozzafadillah/product/domain/mocks/Service.go:92.48,94.3 1 0
github.com/gozzafadillah/product/domain/mocks/Service.go:94.8,96.3 1 0
github.com/gozzafadillah/product/domain/mocks/Service.go:102.101,106.87 3 0
github.com/gozzafadillah/product/domain/mocks/Service.go:112.2,113.71 2 0
github.com/gozzafadillah/product/domain/mocks/Service.go:119.2,119.15 1 0
github.com/gozzafadillah/product/domain/mocks/Service.go:106.87,108.3 1 0
github.com/gozzafadillah/product/domain/mocks/Service.go:108.8,110.3 1 0
github.com/gozzafadillah/product/domain/mocks/Service.go:113.71,115.3 1 0
github.com/gozzafadillah/product/domain/mocks/Service.go:115.8,117.3 1 0
github.com/gozzafadillah/product/domain/mocks/Service.go:123.78,127.69 3 0
github.com/gozzafadillah/product/domain/mocks/Service.go:135.2,136.51 2 0
github.com/gozzafadillah/product/domain/mocks/Service.go:142.2,142.15 1 0
github.com/gozzafadillah/product/domain/mocks/Service.go:127.69,129.3 1 0
github.com/gozzafadillah/product/domain/mocks/Service.go:129.8,130.24 1 0
github.com/gozzafadillah/product/domain/mocks/Service.go:130.24,132.4 1 0
github.com/gozzafadillah/product/domain/mocks/Service.go:136.51,138.3 1 0
github.com/gozzafadillah/product/domain/mocks/Service.go:138.8,140.3 1 0
github.com/gozzafadillah/product/domain/mocks/Service.go:146.76,150.65 3 0
github.com/gozzafadillah/product/domain/mocks/Service.go:156.2,157.48 2 0
github.com/gozzafadillah/product/domain/mocks/Service.go:163.2,163.15 1 0
github.com/gozzafadillah/product/domain/mocks/Service.go:150.65,152.3 1 0
github.com/gozzafadillah/product/domain/mocks/Service.go:152.8,154.3 1 0
github.com/gozzafadillah/product/domain/mocks/Service.go:157.48,159.3 1 0
github.com/gozzafadillah/product/domain/mocks/Service.go:159.8,161.3 1 0
github.com/gozzafadillah/product/domain/mocks/Service.go:167.67,171.63 3 0
github.com/gozzafadillah/product/domain/mocks/Service.go:179.2,180.45 2 0
github.com/gozzafadillah/product/domain/mocks/Service.go:186.2,186.15 1 0
github.com/gozzafadillah/product/domain/mocks/Service.go:171.63,173.3 1 0
github.com/gozzafadillah/product/domain/mocks/Service.go:173.8,174.24 1 0
github.com/gozzafadillah/product/domain/mocks/Service.go:174.24,176.4 1 0
github.com/gozzafadillah/product/domain/mocks/Service.go:180.45,182.3 1 0
github.com/gozzafadillah/product/domain/mocks/Service.go:182.8,184.3 1 0
github.com/gozzafadillah/product/domain/mocks/Service.go:190.67,194.63 3 0
github.com/gozzafadillah/product/domain/mocks/Service.go:202.2,203.45 2 0
github.com/gozzafadillah/product/domain/mocks/Service.go:209.2,209.15 1 0
github.com/gozzafadillah/product/domain/mocks/Service.go:194.63,196.3 1 0
github.com/gozzafadillah/product/domain/mocks/Service.go:196.8,197.24 1 0
github.com/gozzafadillah/product/domain/mocks/Service.go:197.24,199.4 1 0
github.com/gozzafadillah/product/domain/mocks/Service.go:203.45,205.3 1 0
github.com/gozzafadillah/product/domain/mocks/Service.go:205.8,207.3 1 0
github.com/gozzafadillah/product/domain/mocks/Service.go:213.72,217.64 3 0
github.com/gozzafadillah/product/domain/mocks/Service.go:223.2,224.48 2 0
github.com/gozzafadillah/product/domain/mocks/Service.go:230.2,230.15 1 0
github.com/gozzafadillah/product/domain/mocks/Service.go:217.64,219.3 1 0
github.com/gozzafadillah/product/domain/mocks/Service.go:219.8,221.3 1 0
github.com/gozzafadillah/product/domain/mocks/Service.go:224.48,226.3 1 0
github.com/gozzafadillah/product/domain/mocks/Service.go:226.8,228.3 1 0
github.com/gozzafadillah/product/domain/mocks/Service.go:234.67,238.63 3 0
github.com/gozzafadillah/product/domain/mocks/Service.go:246.2,247.45 2 0
github.com/gozzafadillah/product/domain/mocks/Service.go:253.2,253.15 1 0
github.com/gozzafadillah/product/domain/mocks/Service.go:238.63,240.3 1 0
github.com/gozzafadillah/product/domain/mocks/Service.go:240.8,241.24 1 0
github.com/gozzafadillah/product/domain/mocks/Service.go:241.24,243.4 1 0
github.com/gozzafadillah/product/domain/mocks/Service.go:247.45,249.3 1 0
github.com/gozzafadillah/product/domain/mocks/Service.go:249.8,251.3 1 0
github.com/gozzafadillah/product/domain/mocks/Service.go:257.40,261.19 3 0
github.com/gozzafadillah/product/domain/mocks/Service.go:263.2,263.13 1 0
github.com/gozzafadillah/product/domain/mocks/Service.go:261.19,261.49 1 0
github.com/gozzafadillah/transaction/repository/mysql/record.go:38.62,52.2 1 0
github.com/gozzafadillah/transaction/repository/mysql/record.go:54.64,70.2 1 0
github.com/gozzafadillah/user/repository/mysql/record.go:20.43,31.2 1 0
github.com/gozzafadillah/product/service/usecase.go:13.77,17.2 1 1
github.com/gozzafadillah/product/service/usecase.go:20.83,22.16 2 1
github.com/gozzafadillah/product/service/usecase.go:25.2,25.18 1 1
github.com/gozzafadillah/product/service/usecase.go:22.16,24.3 1 0
github.com/gozzafadillah/product/service/usecase.go:29.73,31.16 2 1
github.com/gozzafadillah/product/service/usecase.go:34.2,34.18 1 1
github.com/gozzafadillah/product/service/usecase.go:31.16,33.3 1 0
github.com/gozzafadillah/product/service/usecase.go:38.78,40.16 2 1
github.com/gozzafadillah/product/service/usecase.go:43.2,43.18 1 1
github.com/gozzafadillah/product/service/usecase.go:40.16,42.3 1 0
github.com/gozzafadillah/product/service/usecase.go:47.101,49.16 2 1
github.com/gozzafadillah/product/service/usecase.go:52.2,53.16 2 1
github.com/gozzafadillah/product/service/usecase.go:57.2,57.18 1 1
github.com/gozzafadillah/product/service/usecase.go:49.16,51.3 1 0
github.com/gozzafadillah/product/service/usecase.go:53.16,55.3 1 0
github.com/gozzafadillah/product/service/usecase.go:61.80,63.16 2 1
github.com/gozzafadillah/product/service/usecase.go:66.2,67.31 2 1
github.com/gozzafadillah/product/service/usecase.go:71.2,71.18 1 1
github.com/gozzafadillah/product/service/usecase.go:63.16,65.3 1 0
github.com/gozzafadillah/product/service/usecase.go:67.31,69.3 1 0
github.com/gozzafadillah/product/service/usecase.go:75.107,77.16 2 1
github.com/gozzafadillah/product/service/usecase.go:80.2,81.16 2 1
github.com/gozzafadillah/product/service/usecase.go:84.2,84.18 1 1
github.com/gozzafadillah/product/service/usecase.go:77.16,79.3 1 0
github.com/gozzafadillah/product/service/usecase.go:81.16,83.3 1 0
github.com/gozzafadillah/product/service/usecase.go:88.44,91.14 2 1
github.com/gozzafadillah/product/service/usecase.go:91.14,94.23 3 1
github.com/gozzafadillah/product/service/usecase.go:94.23,95.39 1 1
github.com/gozzafadillah/product/service/usecase.go:99.4,99.7 1 1
github.com/gozzafadillah/product/service/usecase.go:95.39,98.5 2 1
github.com/gozzafadillah/product/service/usecase.go:104.73,106.16 2 1
github.com/gozzafadillah/product/service/usecase.go:110.2,112.18 2 1
github.com/gozzafadillah/product/service/usecase.go:106.16,108.3 1 0
github.com/gozzafadillah/product/service/usecase.go:116.44,119.14 2 1
github.com/gozzafadillah/product/service/usecase.go:119.14,122.23 3 1
github.com/gozzafadillah/product/service/usecase.go:122.23,123.39 1 1
github.com/gozzafadillah/product/service/usecase.go:127.4,127.7 1 1
github.com/gozzafadillah/product/service/usecase.go:123.39,126.5 2 0
github.com/gozzafadillah/product/service/usecase.go:131.73,133.16 2 1
github.com/gozzafadillah/product/service/usecase.go:136.2,138.18 2 1
github.com/gozzafadillah/product/service/usecase.go:133.16,135.3 1 0
github.com/gozzafadillah/product/service/usecase.go:142.84,144.16 2 1
github.com/gozzafadillah/product/service/usecase.go:147.2,147.18 1 1
github.com/gozzafadillah/product/service/usecase.go:144.16,146.3 1 0
github.com/gozzafadillah/product/service/usecase.go:151.82,153.16 2 1
github.com/gozzafadillah/product/service/usecase.go:156.2,156.18 1 1
github.com/gozzafadillah/product/service/usecase.go:153.16,155.3 1 0
github.com/gozzafadillah/product/service/usecase.go:160.104,162.16 2 1
github.com/gozzafadillah/product/service/usecase.go:165.2,166.16 2 1
github.com/gozzafadillah/product/service/usecase.go:170.2,170.18 1 1
github.com/gozzafadillah/product/service/usecase.go:162.16,164.3 1 0
github.com/gozzafadillah/product/service/usecase.go:166.16,168.3 1 0
github.com/gozzafadillah/transaction/handler/api/request/json.go:20.75,27.2 1 0
github.com/gozzafadillah/user/service/usecase.go:15.96,20.2 1 0
github.com/gozzafadillah/user/service/usecase.go:24.72,26.16 2 0
github.com/gozzafadillah/user/service/usecase.go:29.2,29.18 1 0
github.com/gozzafadillah/user/service/usecase.go:26.16,28.3 1 0
github.com/gozzafadillah/user/service/usecase.go:33.74,36.16 3 0
github.com/gozzafadillah/user/service/usecase.go:39.2,40.16 2 0
github.com/gozzafadillah/user/service/usecase.go:43.2,43.18 1 0
github.com/gozzafadillah/user/service/usecase.go:36.16,38.3 1 0
github.com/gozzafadillah/user/service/usecase.go:40.16,42.3 1 0
github.com/gozzafadillah/user/service/usecase.go:47.78,49.16 2 0
github.com/gozzafadillah/user/service/usecase.go:52.2,53.16 2 0
github.com/gozzafadillah/user/service/usecase.go:56.2,56.18 1 0
github.com/gozzafadillah/user/service/usecase.go:49.16,51.3 1 0
github.com/gozzafadillah/user/service/usecase.go:53.16,55.3 1 0
github.com/gozzafadillah/user/service/usecase.go:60.79,63.16 2 0
github.com/gozzafadillah/user/service/usecase.go:67.2,69.16 2 0
github.com/gozzafadillah/user/service/usecase.go:72.2,72.19 1 0
github.com/gozzafadillah/user/service/usecase.go:63.16,65.3 1 0
github.com/gozzafadillah/user/service/usecase.go:69.16,71.3 1 0
github.com/gozzafadillah/user/service/usecase.go:76.98,79.16 2 0
github.com/gozzafadillah/user/service/usecase.go:82.2,83.16 2 0
github.com/gozzafadillah/user/service/usecase.go:86.2,86.20 1 0
github.com/gozzafadillah/user/service/usecase.go:79.16,81.3 1 0
github.com/gozzafadillah/user/service/usecase.go:83.16,85.3 1 0
github.com/gozzafadillah/transaction/handler/api/controller.go:21.117,26.2 1 0
github.com/gozzafadillah/transaction/handler/api/controller.go:28.64,35.43 3 0
github.com/gozzafadillah/transaction/handler/api/controller.go:43.2,44.16 2 0
github.com/gozzafadillah/transaction/handler/api/controller.go:52.2,52.28 1 0
github.com/gozzafadillah/transaction/handler/api/controller.go:60.2,61.16 2 0
github.com/gozzafadillah/transaction/handler/api/controller.go:69.2,71.16 3 0
github.com/gozzafadillah/transaction/handler/api/controller.go:79.2,84.16 4 0
github.com/gozzafadillah/transaction/handler/api/controller.go:92.2,93.16 2 0
github.com/gozzafadillah/transaction/handler/api/controller.go:101.2,104.35 4 0
github.com/gozzafadillah/transaction/handler/api/controller.go:111.2,115.4 1 0
github.com/gozzafadillah/transaction/handler/api/controller.go:35.43,40.3 1 0
github.com/gozzafadillah/transaction/handler/api/controller.go:44.16,49.3 1 0
github.com/gozzafadillah/transaction/handler/api/controller.go:52.28,57.3 1 0
github.com/gozzafadillah/transaction/handler/api/controller.go:61.16,66.3 1 0
github.com/gozzafadillah/transaction/handler/api/controller.go:71.16,76.3 1 0
github.com/gozzafadillah/transaction/handler/api/controller.go:84.16,89.3 1 0
github.com/gozzafadillah/transaction/handler/api/controller.go:93.16,98.3 1 0
github.com/gozzafadillah/transaction/handler/api/controller.go:104.35,109.3 1 0
github.com/gozzafadillah/transaction/handler/api/controller.go:118.71,123.16 3 0
github.com/gozzafadillah/transaction/handler/api/controller.go:131.2,135.16 3 0
github.com/gozzafadillah/transaction/handler/api/controller.go:143.2,144.45 2 0
github.com/gozzafadillah/transaction/handler/api/controller.go:151.2,155.4 1 0
github.com/gozzafadillah/transaction/handler/api/controller.go:123.16,128.3 1 0
github.com/gozzafadillah/transaction/handler/api/controller.go:135.16,140.3 1 0
github.com/gozzafadillah/transaction/handler/api/controller.go:144.45,149.3 1 0
github.com/gozzafadillah/product/repository/mysql/mysql.go:16.79,19.14 3 0
github.com/gozzafadillah/product/repository/mysql/mysql.go:22.2,22.35 1 0
github.com/gozzafadillah/product/repository/mysql/mysql.go:19.14,21.3 1 0
github.com/gozzafadillah/product/repository/mysql/mysql.go:25.65,29.2 1 0
github.com/gozzafadillah/product/repository/mysql/mysql.go:32.70,37.28 4 0
github.com/gozzafadillah/product/repository/mysql/mysql.go:41.2,41.22 1 0
github.com/gozzafadillah/product/repository/mysql/mysql.go:37.28,39.3 1 0
github.com/gozzafadillah/product/repository/mysql/mysql.go:45.45,49.2 3 0
github.com/gozzafadillah/product/repository/mysql/mysql.go:52.78,58.2 4 0
github.com/gozzafadillah/product/repository/mysql/mysql.go:61.70,64.14 3 0
github.com/gozzafadillah/product/repository/mysql/mysql.go:67.2,67.27 1 0
github.com/gozzafadillah/product/repository/mysql/mysql.go:64.14,66.3 1 0
github.com/gozzafadillah/product/repository/mysql/mysql.go:71.74,83.2 3 0
github.com/gozzafadillah/product/repository/mysql/mysql.go:86.87,93.35 6 0
github.com/gozzafadillah/product/repository/mysql/mysql.go:96.2,96.22 1 0
github.com/gozzafadillah/product/repository/mysql/mysql.go:93.35,95.3 1 0
github.com/gozzafadillah/product/repository/mysql/mysql.go:100.80,103.2 2 0
github.com/gozzafadillah/transaction/repository/mysql/mysql.go:23.59,27.2 3 0
github.com/gozzafadillah/transaction/repository/mysql/mysql.go:30.92,34.2 3 0
github.com/gozzafadillah/transaction/repository/mysql/mysql.go:36.73,40.2 1 0
github.com/gozzafadillah/transaction/repository/mysql/mysql.go:43.60,47.2 3 0
github.com/gozzafadillah/transaction/repository/mysql/mysql.go:50.110,61.16 9 0
github.com/gozzafadillah/transaction/repository/mysql/mysql.go:65.2,67.16 3 0
github.com/gozzafadillah/transaction/repository/mysql/mysql.go:71.2,73.62 3 0
github.com/gozzafadillah/transaction/repository/mysql/mysql.go:78.2,78.14 1 0
github.com/gozzafadillah/transaction/repository/mysql/mysql.go:61.16,63.3 1 0
github.com/gozzafadillah/transaction/repository/mysql/mysql.go:67.16,69.3 1 0
github.com/gozzafadillah/transaction/repository/mysql/mysql.go:73.62,74.125 1 0
github.com/gozzafadillah/transaction/repository/mysql/mysql.go:74.125,76.4 1 0
github.com/gozzafadillah/transaction/repository/mysql/mysql.go:82.122,93.16 9 0
github.com/gozzafadillah/transaction/repository/mysql/mysql.go:97.2,99.16 3 0
github.com/gozzafadillah/transaction/repository/mysql/mysql.go:103.2,105.28 3 0
github.com/gozzafadillah/transaction/repository/mysql/mysql.go:93.16,95.3 1 0
github.com/gozzafadillah/transaction/repository/mysql/mysql.go:99.16,101.3 1 0
github.com/gozzafadillah/transaction/repository/mysql/mysql.go:109.63,117.16 6 0
github.com/gozzafadillah/transaction/repository/mysql/mysql.go:121.2,129.54 7 0
github.com/gozzafadillah/transaction/repository/mysql/mysql.go:137.2,137.41 1 0
github.com/gozzafadillah/transaction/repository/mysql/mysql.go:117.16,119.3 1 0
github.com/gozzafadillah/transaction/repository/mysql/mysql.go:129.54,130.50 1 0
github.com/gozzafadillah/transaction/repository/mysql/mysql.go:130.50,135.4 4 0
github.com/gozzafadillah/transaction/repository/mysql/mysql.go:141.89,145.2 3 0
github.com/gozzafadillah/transaction/repository/mysql/mysql.go:148.85,152.2 3 0
github.com/gozzafadillah/transaction/repository/mysql/mysql.go:155.87,159.2 3 0
github.com/gozzafadillah/transaction/repository/mysql/mysql.go:162.163,171.2 8 0
github.com/gozzafadillah/transaction/repository/mysql/mysql.go:174.142,186.2 11 0
github.com/gozzafadillah/transaction/repository/mysql/record.go:38.62,52.2 1 0
github.com/gozzafadillah/transaction/repository/mysql/record.go:54.64,70.2 1 0
github.com/gozzafadillah/transaction/handler/api/request/json.go:20.75,27.2 1 0
github.com/gozzafadillah/transaction/handler/api/response/json.go:30.90,40.2 1 0
github.com/gozzafadillah/transaction/handler/api/response/json.go:41.81,54.2 1 0
github.com/gozzafadillah/user/repository/mysql/record.go:20.43,31.2 1 0
github.com/gozzafadillah/product/domain/mocks/Service.go:18.77,22.64 3 0
github.com/gozzafadillah/product/domain/mocks/Service.go:28.2,29.48 2 0
github.com/gozzafadillah/product/domain/mocks/Service.go:35.2,35.15 1 0
github.com/gozzafadillah/product/domain/mocks/Service.go:22.64,24.3 1 0
github.com/gozzafadillah/product/domain/mocks/Service.go:24.8,26.3 1 0
github.com/gozzafadillah/product/domain/mocks/Service.go:29.48,31.3 1 0
github.com/gozzafadillah/product/domain/mocks/Service.go:31.8,33.3 1 0
github.com/gozzafadillah/product/domain/mocks/Service.go:39.98,43.84 3 0
github.com/gozzafadillah/product/domain/mocks/Service.go:49.2,50.67 2 0
github.com/gozzafadillah/product/domain/mocks/Service.go:56.2,56.15 1 0
github.com/gozzafadillah/product/domain/mocks/Service.go:43.84,45.3 1 0
github.com/gozzafadillah/product/domain/mocks/Service.go:45.8,47.3 1 0
github.com/gozzafadillah/product/domain/mocks/Service.go:50.67,52.3 1 0
github.com/gozzafadillah/product/domain/mocks/Service.go:52.8,54.3 1 0
github.com/gozzafadillah/product/domain/mocks/Service.go:60.95,64.82 3 0
github.com/gozzafadillah/product/domain/mocks/Service.go:70.2,71.66 2 0
github.com/gozzafadillah/product/domain/mocks/Service.go:77.2,77.15 1 0
github.com/gozzafadillah/product/domain/mocks/Service.go:64.82,66.3 1 0
github.com/gozzafadillah/product/domain/mocks/Service.go:66.8,68.3 1 0
github.com/gozzafadillah/product/domain/mocks/Service.go:71.66,73.3 1 0
github.com/gozzafadillah/product/domain/mocks/Service.go:73.8,75.3 1 0
github.com/gozzafadillah/product/domain/mocks/Service.go:81.74,85.64 3 0
github.com/gozzafadillah/product/domain/mocks/Service.go:91.2,92.48 2 0
github.com/gozzafadillah/product/domain/mocks/Service.go:98.2,98.15 1 0
github.com/gozzafadillah/product/domain/mocks/Service.go:85.64,87.3 1 0
github.com/gozzafadillah/product/domain/mocks/Service.go:87.8,89.3 1 0
github.com/gozzafadillah/product/domain/mocks/Service.go:92.48,94.3 1 0
github.com/gozzafadillah/product/domain/mocks/Service.go:94.8,96.3 1 0
github.com/gozzafadillah/product/domain/mocks/Service.go:102.101,106.87 3 0
github.com/gozzafadillah/product/domain/mocks/Service.go:112.2,113.71 2 0
github.com/gozzafadillah/product/domain/mocks/Service.go:119.2,119.15 1 0
github.com/gozzafadillah/product/domain/mocks/Service.go:106.87,108.3 1 0
github.com/gozzafadillah/product/domain/mocks/Service.go:108.8,110.3 1 0
github.com/gozzafadillah/product/domain/mocks/Service.go:113.71,115.3 1 0
github.com/gozzafadillah/product/domain/mocks/Service.go:115.8,117.3 1 0
github.com/gozzafadillah/product/domain/mocks/Service.go:123.78,127.69 3 0
github.com/gozzafadillah/product/domain/mocks/Service.go:135.2,136.51 2 0
github.com/gozzafadillah/product/domain/mocks/Service.go:142.2,142.15 1 0
github.com/gozzafadillah/product/domain/mocks/Service.go:127.69,129.3 1 0
github.com/gozzafadillah/product/domain/mocks/Service.go:129.8,130.24 1 0
github.com/gozzafadillah/product/domain/mocks/Service.go:130.24,132.4 1 0
github.com/gozzafadillah/product/domain/mocks/Service.go:136.51,138.3 1 0
github.com/gozzafadillah/product/domain/mocks/Service.go:138.8,140.3 1 0
github.com/gozzafadillah/product/domain/mocks/Service.go:146.76,150.65 3 0
github.com/gozzafadillah/product/domain/mocks/Service.go:156.2,157.48 2 0
github.com/gozzafadillah/product/domain/mocks/Service.go:163.2,163.15 1 0
github.com/gozzafadillah/product/domain/mocks/Service.go:150.65,152.3 1 0
github.com/gozzafadillah/product/domain/mocks/Service.go:152.8,154.3 1 0
github.com/gozzafadillah/product/domain/mocks/Service.go:157.48,159.3 1 0
github.com/gozzafadillah/product/domain/mocks/Service.go:159.8,161.3 1 0
github.com/gozzafadillah/product/domain/mocks/Service.go:167.67,171.63 3 0
github.com/gozzafadillah/product/domain/mocks/Service.go:179.2,180.45 2 0
github.com/gozzafadillah/product/domain/mocks/Service.go:186.2,186.15 1 0
github.com/gozzafadillah/product/domain/mocks/Service.go:171.63,173.3 1 0
github.com/gozzafadillah/product/domain/mocks/Service.go:173.8,174.24 1 0
github.com/gozzafadillah/product/domain/mocks/Service.go:174.24,176.4 1 0
github.com/gozzafadillah/product/domain/mocks/Service.go:180.45,182.3 1 0
github.com/gozzafadillah/product/domain/mocks/Service.go:182.8,184.3 1 0
github.com/gozzafadillah/product/domain/mocks/Service.go:190.67,194.63 3 0
github.com/gozzafadillah/product/domain/mocks/Service.go:202.2,203.45 2 0
github.com/gozzafadillah/product/domain/mocks/Service.go:209.2,209.15 1 0
github.com/gozzafadillah/product/domain/mocks/Service.go:194.63,196.3 1 0
github.com/gozzafadillah/product/domain/mocks/Service.go:196.8,197.24 1 0
github.com/gozzafadillah/product/domain/mocks/Service.go:197.24,199.4 1 0
github.com/gozzafadillah/product/domain/mocks/Service.go:203.45,205.3 1 0
github.com/gozzafadillah/product/domain/mocks/Service.go:205.8,207.3 1 0
github.com/gozzafadillah/product/domain/mocks/Service.go:213.72,217.64 3 0
github.com/gozzafadillah/product/domain/mocks/Service.go:223.2,224.48 2 0
github.com/gozzafadillah/product/domain/mocks/Service.go:230.2,230.15 1 0
github.com/gozzafadillah/product/domain/mocks/Service.go:217.64,219.3 1 0
github.com/gozzafadillah/product/domain/mocks/Service.go:219.8,221.3 1 0
github.com/gozzafadillah/product/domain/mocks/Service.go:224.48,226.3 1 0
github.com/gozzafadillah/product/domain/mocks/Service.go:226.8,228.3 1 0
github.com/gozzafadillah/product/domain/mocks/Service.go:234.67,238.63 3 0
github.com/gozzafadillah/product/domain/mocks/Service.go:246.2,247.45 2 0
github.com/gozzafadillah/product/domain/mocks/Service.go:253.2,253.15 1 0
github.com/gozzafadillah/product/domain/mocks/Service.go:238.63,240.3 1 0
github.com/gozzafadillah/product/domain/mocks/Service.go:240.8,241.24 1 0
github.com/gozzafadillah/product/domain/mocks/Service.go:241.24,243.4 1 0
github.com/gozzafadillah/product/domain/mocks/Service.go:247.45,249.3 1 0
github.com/gozzafadillah/product/domain/mocks/Service.go:249.8,251.3 1 0
github.com/gozzafadillah/product/domain/mocks/Service.go:257.40,261.19 3 0
github.com/gozzafadillah/product/domain/mocks/Service.go:263.2,263.13 1 0
github.com/gozzafadillah/product/domain/mocks/Service.go:261.19,261.49 1 0
github.com/gozzafadillah/transaction/domain/mocks/Repository.go:20.55,24.51 3 0
github.com/gozzafadillah/transaction/domain/mocks/Repository.go:30.2,30.11 1 0
github.com/gozzafadillah/transaction/domain/mocks/Repository.go:24.51,26.3 1 0
github.com/gozzafadillah/transaction/domain/mocks/Repository.go:26.8,28.3 1 0
github.com/gozzafadillah/transaction/domain/mocks/Repository.go:34.109,38.73 3 0
github.com/gozzafadillah/transaction/domain/mocks/Repository.go:44.2,44.11 1 0
github.com/gozzafadillah/transaction/domain/mocks/Repository.go:38.73,40.3 1 0
github.com/gozzafadillah/transaction/domain/mocks/Repository.go:40.8,42.3 1 0
github.com/gozzafadillah/transaction/domain/mocks/Repository.go:48.88,52.72 3 0
github.com/gozzafadillah/transaction/domain/mocks/Repository.go:58.2,59.51 2 0
github.com/gozzafadillah/transaction/domain/mocks/Repository.go:65.2,65.15 1 0
github.com/gozzafadillah/transaction/domain/mocks/Repository.go:52.72,54.3 1 0
github.com/gozzafadillah/transaction/domain/mocks/Repository.go:54.8,56.3 1 0
github.com/gozzafadillah/transaction/domain/mocks/Repository.go:59.51,61.3 1 0
github.com/gozzafadillah/transaction/domain/mocks/Repository.go:61.8,63.3 1 0
github.com/gozzafadillah/transaction/domain/mocks/Repository.go:69.81,73.69 3 0
github.com/gozzafadillah/transaction/domain/mocks/Repository.go:79.2,80.48 2 0
github.com/gozzafadillah/transaction/domain/mocks/Repository.go:86.2,86.15 1 0
github.com/gozzafadillah/transaction/domain/mocks/Repository.go:73.69,75.3 1 0
github.com/gozzafadillah/transaction/domain/mocks/Repository.go:75.8,77.3 1 0
github.com/gozzafadillah/transaction/domain/mocks/Repository.go:80.48,82.3 1 0
github.com/gozzafadillah/transaction/domain/mocks/Repository.go:82.8,84.3 1 0
github.com/gozzafadillah/transaction/domain/mocks/Repository.go:90.59,94.49 3 0
github.com/gozzafadillah/transaction/domain/mocks/Repository.go:100.2,101.51 2 0
github.com/gozzafadillah/transaction/domain/mocks/Repository.go:107.2,107.15 1 0
github.com/gozzafadillah/transaction/domain/mocks/Repository.go:94.49,96.3 1 0
github.com/gozzafadillah/transaction/domain/mocks/Repository.go:96.8,98.3 1 0
github.com/gozzafadillah/transaction/domain/mocks/Repository.go:101.51,103.3 1 0
github.com/gozzafadillah/transaction/domain/mocks/Repository.go:103.8,105.3 1 0
github.com/gozzafadillah/transaction/domain/mocks/Repository.go:111.83,115.75 3 0
github.com/gozzafadillah/transaction/domain/mocks/Repository.go:121.2,122.51 2 0
github.com/gozzafadillah/transaction/domain/mocks/Repository.go:128.2,128.15 1 0
github.com/gozzafadillah/transaction/domain/mocks/Repository.go:115.75,117.3 1 0
github.com/gozzafadillah/transaction/domain/mocks/Repository.go:117.8,119.3 1 0
github.com/gozzafadillah/transaction/domain/mocks/Repository.go:122.51,124.3 1 0
github.com/gozzafadillah/transaction/domain/mocks/Repository.go:124.8,126.3 1 0
github.com/gozzafadillah/transaction/domain/mocks/Repository.go:132.85,136.72 3 0
github.com/gozzafadillah/transaction/domain/mocks/Repository.go:142.2,143.48 2 0
github.com/gozzafadillah/transaction/domain/mocks/Repository.go:149.2,149.15 1 0
github.com/gozzafadillah/transaction/domain/mocks/Repository.go:136.72,138.3 1 0
github.com/gozzafadillah/transaction/domain/mocks/Repository.go:138.8,140.3 1 0
github.com/gozzafadillah/transaction/domain/mocks/Repository.go:143.48,145.3 1 0
github.com/gozzafadillah/transaction/domain/mocks/Repository.go:145.8,147.3 1 0
github.com/gozzafadillah/transaction/domain/mocks/Repository.go:153.118,157.85 3 0
github.com/gozzafadillah/transaction/domain/mocks/Repository.go:163.2,164.66 2 0
github.com/gozzafadillah/transaction/domain/mocks/Repository.go:170.2,170.15 1 0
github.com/gozzafadillah/transaction/domain/mocks/Repository.go:157.85,159.3 1 0
github.com/gozzafadillah/transaction/domain/mocks/Repository.go:159.8,161.3 1 0
github.com/gozzafadillah/transaction/domain/mocks/Repository.go:164.66,166.3 1 0
github.com/gozzafadillah/transaction/domain/mocks/Repository.go:166.8,168.3 1 0
github.com/gozzafadillah/transaction/domain/mocks/Repository.go:174.159,178.113 3 0
github.com/gozzafadillah/transaction/domain/mocks/Repository.go:184.2,185.115 2 0
github.com/gozzafadillah/transaction/domain/mocks/Repository.go:191.2,191.15 1 0
github.com/gozzafadillah/transaction/domain/mocks/Repository.go:178.113,180.3 1 0
github.com/gozzafadillah/transaction/domain/mocks/Repository.go:180.8,182.3 1 0
github.com/gozzafadillah/transaction/domain/mocks/Repository.go:185.115,187.3 1 0
github.com/gozzafadillah/transaction/domain/mocks/Repository.go:187.8,189.3 1 0
github.com/gozzafadillah/transaction/domain/mocks/Repository.go:195.138,199.95 3 0
github.com/gozzafadillah/transaction/domain/mocks/Repository.go:205.2,206.97 2 0
github.com/gozzafadillah/transaction/domain/mocks/Repository.go:212.2,212.15 1 0
github.com/gozzafadillah/transaction/domain/mocks/Repository.go:199.95,201.3 1 0
github.com/gozzafadillah/transaction/domain/mocks/Repository.go:201.8,203.3 1 0
github.com/gozzafadillah/transaction/domain/mocks/Repository.go:206.97,208.3 1 0
github.com/gozzafadillah/transaction/domain/mocks/Repository.go:208.8,210.3 1 0
github.com/gozzafadillah/transaction/domain/mocks/Repository.go:216.56,220.53 3 0
github.com/gozzafadillah/transaction/domain/mocks/Repository.go:226.2,226.11 1 0
github.com/gozzafadillah/transaction/domain/mocks/Repository.go:220.53,222.3 1 0
github.com/gozzafadillah/transaction/domain/mocks/Repository.go:222.8,224.3 1 0
github.com/gozzafadillah/transaction/domain/mocks/Repository.go:230.46,234.19 3 0
github.com/gozzafadillah/transaction/domain/mocks/Repository.go:236.2,236.13 1 0
github.com/gozzafadillah/transaction/domain/mocks/Repository.go:234.19,234.49 1 0
github.com/gozzafadillah/user/domain/mocks/Service.go:18.71,22.62 3 0
github.com/gozzafadillah/user/domain/mocks/Service.go:28.2,29.51 2 0
github.com/gozzafadillah/user/domain/mocks/Service.go:35.2,35.15 1 0
github.com/gozzafadillah/user/domain/mocks/Service.go:22.62,24.3 1 0
github.com/gozzafadillah/user/domain/mocks/Service.go:24.8,26.3 1 0
github.com/gozzafadillah/user/domain/mocks/Service.go:29.51,31.3 1 0
github.com/gozzafadillah/user/domain/mocks/Service.go:31.8,33.3 1 0
github.com/gozzafadillah/user/domain/mocks/Service.go:39.60,43.59 3 0
github.com/gozzafadillah/user/domain/mocks/Service.go:49.2,50.48 2 0
github.com/gozzafadillah/user/domain/mocks/Service.go:56.2,56.15 1 0
github.com/gozzafadillah/user/domain/mocks/Service.go:43.59,45.3 1 0
github.com/gozzafadillah/user/domain/mocks/Service.go:45.8,47.3 1 0
github.com/gozzafadillah/user/domain/mocks/Service.go:50.48,52.3 1 0
github.com/gozzafadillah/user/domain/mocks/Service.go:52.8,54.3 1 0
github.com/gozzafadillah/user/domain/mocks/Service.go:60.75,64.62 3 0
github.com/gozzafadillah/user/domain/mocks/Service.go:70.2,71.51 2 0
github.com/gozzafadillah/user/domain/mocks/Service.go:77.2,77.15 1 0
github.com/gozzafadillah/user/domain/mocks/Service.go:64.62,66.3 1 0
github.com/gozzafadillah/user/domain/mocks/Service.go:66.8,68.3 1 0
github.com/gozzafadillah/user/domain/mocks/Service.go:71.51,73.3 1 0
github.com/gozzafadillah/user/domain/mocks/Service.go:73.8,75.3 1 0
github.com/gozzafadillah/user/domain/mocks/Service.go:81.82,85.72 3 0
github.com/gozzafadillah/user/domain/mocks/Service.go:91.2,92.61 2 0
github.com/gozzafadillah/user/domain/mocks/Service.go:98.2,98.15 1 0
github.com/gozzafadillah/user/domain/mocks/Service.go:85.72,87.3 1 0
github.com/gozzafadillah/user/domain/mocks/Service.go:87.8,89.3 1 0
github.com/gozzafadillah/user/domain/mocks/Service.go:92.61,94.3 1 0
github.com/gozzafadillah/user/domain/mocks/Service.go:94.8,96.3 1 0
github.com/gozzafadillah/user/domain/mocks/Service.go:102.76,106.60 3 0
github.com/gozzafadillah/user/domain/mocks/Service.go:112.2,113.59 2 0
github.com/gozzafadillah/user/domain/mocks/Service.go:119.2,119.15 1 0
github.com/gozzafadillah/user/domain/mocks/Service.go:106.60,108.3 1 0
github.com/gozzafadillah/user/domain/mocks/Service.go:108.8,110.3 1 0
github.com/gozzafadillah/user/domain/mocks/Service.go:113.59,115.3 1 0
github.com/gozzafadillah/user/domain/mocks/Service.go:115.8,117.3 1 0
github.com/gozzafadillah/user/domain/mocks/Service.go:123.40,127.19 3 0
github.com/gozzafadillah/user/domain/mocks/Service.go:129.2,129.13 1 0
github.com/gozzafadillah/user/domain/mocks/Service.go:127.19,127.49 1 0
github.com/gozzafadillah/transaction/service/usecase.go:15.89,19.2 1 0
github.com/gozzafadillah/transaction/service/usecase.go:22.66,25.16 2 0
github.com/gozzafadillah/transaction/service/usecase.go:29.2,29.18 1 0
github.com/gozzafadillah/transaction/service/usecase.go:25.16,27.3 1 0
github.com/gozzafadillah/transaction/service/usecase.go:33.191,35.16 2 0
github.com/gozzafadillah/transaction/service/usecase.go:38.2,39.16 2 0
github.com/gozzafadillah/transaction/service/usecase.go:42.2,42.26 1 0
github.com/gozzafadillah/transaction/service/usecase.go:35.16,37.3 1 0
github.com/gozzafadillah/transaction/service/usecase.go:39.16,41.3 1 0
github.com/gozzafadillah/transaction/service/usecase.go:46.47,49.2 2 0
github.com/gozzafadillah/transaction/service/usecase.go:52.173,54.16 2 0
github.com/gozzafadillah/transaction/service/usecase.go:57.2,58.16 2 0
github.com/gozzafadillah/transaction/service/usecase.go:61.2,61.29 1 0
github.com/gozzafadillah/transaction/service/usecase.go:54.16,56.3 1 0
github.com/gozzafadillah/transaction/service/usecase.go:58.16,60.3 1 0
github.com/gozzafadillah/transaction/service/usecase.go:65.89,66.63 1 0
github.com/gozzafadillah/transaction/service/usecase.go:74.2,74.14 1 0
github.com/gozzafadillah/transaction/service/usecase.go:66.63,68.80 2 0
github.com/gozzafadillah/transaction/service/usecase.go:68.80,72.4 3 0
github.com/gozzafadillah/transaction/service/usecase.go:76.122,79.16 2 0
github.com/gozzafadillah/transaction/service/usecase.go:82.2,83.16 2 0
github.com/gozzafadillah/transaction/service/usecase.go:86.2,87.28 2 0
github.com/gozzafadillah/transaction/service/usecase.go:90.2,90.23 1 0
github.com/gozzafadillah/transaction/service/usecase.go:79.16,81.3 1 0
github.com/gozzafadillah/transaction/service/usecase.go:83.16,85.3 1 0
github.com/gozzafadillah/transaction/service/usecase.go:87.28,89.3 1 0
github.com/gozzafadillah/transaction/service/usecase.go:94.64,96.16 2 0
github.com/gozzafadillah/transaction/service/usecase.go:99.2,99.12 1 0
github.com/gozzafadillah/transaction/service/usecase.go:96.16,98.3 1 0
github.com/gozzafadillah/transaction/service/usecase.go:103.62,105.16 2 0
github.com/gozzafadillah/transaction/service/usecase.go:108.2,108.12 1 0
github.com/gozzafadillah/transaction/service/usecase.go:105.16,107.3 1 0
github.com/gozzafadillah/transaction/service/usecase.go:112.84,115.2 2 0
github.com/gozzafadillah/transaction/service/usecase.go:118.91,120.16 2 0
github.com/gozzafadillah/transaction/service/usecase.go:123.2,123.20 1 0
github.com/gozzafadillah/transaction/service/usecase.go:120.16,122.3 1 0
github.com/gozzafadillah/product/repository/mysql/record.go:32.60,38.2 1 0
github.com/gozzafadillah/product/repository/mysql/record.go:41.51,56.2 1 0
github.com/gozzafadillah/product/handler/api/request/json.go:32.71,37.2 1 0
github.com/gozzafadillah/product/handler/api/request/json.go:39.54,50.2 1 0
github.com/gozzafadillah/user/handler/api/response/json.go:12.55,19.2 1 0
github.com/gozzafadillah/product/domain/mocks/Repository.go:18.45,22.48 3 0
github.com/gozzafadillah/product/domain/mocks/Repository.go:28.2,28.11 1 0
github.com/gozzafadillah/product/domain/mocks/Repository.go:22.48,24.3 1 0
github.com/gozzafadillah/product/domain/mocks/Repository.go:24.8,26.3 1 0
github.com/gozzafadillah/product/domain/mocks/Repository.go:32.70,36.64 3 0
github.com/gozzafadillah/product/domain/mocks/Repository.go:42.2,43.48 2 0
github.com/gozzafadillah/product/domain/mocks/Repository.go:49.2,49.15 1 0
github.com/gozzafadillah/product/domain/mocks/Repository.go:36.64,38.3 1 0
github.com/gozzafadillah/product/domain/mocks/Repository.go:38.8,40.3 1 0
github.com/gozzafadillah/product/domain/mocks/Repository.go:43.48,45.3 1 0
github.com/gozzafadillah/product/domain/mocks/Repository.go:45.8,47.3 1 0
github.com/gozzafadillah/product/domain/mocks/Repository.go:53.87,57.69 3 0
github.com/gozzafadillah/product/domain/mocks/Repository.go:65.2,66.51 2 0
github.com/gozzafadillah/product/domain/mocks/Repository.go:72.2,72.15 1 0
github.com/gozzafadillah/product/domain/mocks/Repository.go:57.69,59.3 1 0
github.com/gozzafadillah/product/domain/mocks/Repository.go:59.8,60.24 1 0
github.com/gozzafadillah/product/domain/mocks/Repository.go:60.24,62.4 1 0
github.com/gozzafadillah/product/domain/mocks/Repository.go:66.51,68.3 1 0
github.com/gozzafadillah/product/domain/mocks/Repository.go:68.8,70.3 1 0
github.com/gozzafadillah/product/domain/mocks/Repository.go:76.79,80.65 3 0
github.com/gozzafadillah/product/domain/mocks/Repository.go:86.2,87.48 2 0
github.com/gozzafadillah/product/domain/mocks/Repository.go:93.2,93.15 1 0
github.com/gozzafadillah/product/domain/mocks/Repository.go:80.65,82.3 1 0
github.com/gozzafadillah/product/domain/mocks/Repository.go:82.8,84.3 1 0
github.com/gozzafadillah/product/domain/mocks/Repository.go:87.48,89.3 1 0
github.com/gozzafadillah/product/domain/mocks/Repository.go:89.8,91.3 1 0
github.com/gozzafadillah/product/domain/mocks/Repository.go:97.70,101.63 3 0
github.com/gozzafadillah/product/domain/mocks/Repository.go:109.2,110.45 2 0
github.com/gozzafadillah/product/domain/mocks/Repository.go:116.2,116.15 1 0
github.com/gozzafadillah/product/domain/mocks/Repository.go:101.63,103.3 1 0
github.com/gozzafadillah/product/domain/mocks/Repository.go:103.8,104.24 1 0
github.com/gozzafadillah/product/domain/mocks/Repository.go:104.24,106.4 1 0
github.com/gozzafadillah/product/domain/mocks/Repository.go:110.45,112.3 1 0
github.com/gozzafadillah/product/domain/mocks/Repository.go:112.8,114.3 1 0
github.com/gozzafadillah/product/domain/mocks/Repository.go:120.80,124.65 3 0
github.com/gozzafadillah/product/domain/mocks/Repository.go:130.2,131.67 2 0
github.com/gozzafadillah/product/domain/mocks/Repository.go:137.2,137.15 1 0
github.com/gozzafadillah/product/domain/mocks/Repository.go:124.65,126.3 1 0
github.com/gozzafadillah/product/domain/mocks/Repository.go:126.8,128.3 1 0
github.com/gozzafadillah/product/domain/mocks/Repository.go:131.67,133.3 1 0
github.com/gozzafadillah/product/domain/mocks/Repository.go:133.8,135.3 1 0
github.com/gozzafadillah/product/domain/mocks/Repository.go:141.78,145.64 3 0
github.com/gozzafadillah/product/domain/mocks/Repository.go:151.2,152.66 2 0
github.com/gozzafadillah/product/domain/mocks/Repository.go:158.2,158.15 1 0
github.com/gozzafadillah/product/domain/mocks/Repository.go:145.64,147.3 1 0
github.com/gozzafadillah/product/domain/mocks/Repository.go:147.8,149.3 1 0
github.com/gozzafadillah/product/domain/mocks/Repository.go:152.66,154.3 1 0
github.com/gozzafadillah/product/domain/mocks/Repository.go:154.8,156.3 1 0
github.com/gozzafadillah/product/domain/mocks/Repository.go:162.74,166.71 3 0
github.com/gozzafadillah/product/domain/mocks/Repository.go:172.2,172.11 1 0
github.com/gozzafadillah/product/domain/mocks/Repository.go:166.71,168.3 1 0
github.com/gozzafadillah/product/domain/mocks/Repository.go:168.8,170.3 1 0
github.com/gozzafadillah/product/domain/mocks/Repository.go:176.46,180.19 3 0
github.com/gozzafadillah/product/domain/mocks/Repository.go:182.2,182.13 1 0
github.com/gozzafadillah/product/domain/mocks/Repository.go:180.19,180.49 1 0
github.com/gozzafadillah/user/domain/mocks/Repository.go:18.90,22.77 3 1
github.com/gozzafadillah/user/domain/mocks/Repository.go:28.2,29.66 2 1
github.com/gozzafadillah/user/domain/mocks/Repository.go:35.2,35.15 1 1
github.com/gozzafadillah/user/domain/mocks/Repository.go:22.77,24.3 1 0
github.com/gozzafadillah/user/domain/mocks/Repository.go:24.8,26.3 1 1
github.com/gozzafadillah/user/domain/mocks/Repository.go:29.66,31.3 1 0
github.com/gozzafadillah/user/domain/mocks/Repository.go:31.8,33.3 1 1
github.com/gozzafadillah/user/domain/mocks/Repository.go:39.65,43.59 3 1
github.com/gozzafadillah/user/domain/mocks/Repository.go:49.2,50.48 2 1
github.com/gozzafadillah/user/domain/mocks/Repository.go:56.2,56.15 1 1
github.com/gozzafadillah/user/domain/mocks/Repository.go:43.59,45.3 1 0
github.com/gozzafadillah/user/domain/mocks/Repository.go:45.8,47.3 1 1
github.com/gozzafadillah/user/domain/mocks/Repository.go:50.48,52.3 1 0
github.com/gozzafadillah/user/domain/mocks/Repository.go:52.8,54.3 1 1
github.com/gozzafadillah/user/domain/mocks/Repository.go:60.67,64.49 3 1
github.com/gozzafadillah/user/domain/mocks/Repository.go:70.2,71.51 2 1
github.com/gozzafadillah/user/domain/mocks/Repository.go:77.2,77.15 1 1
github.com/gozzafadillah/user/domain/mocks/Repository.go:64.49,66.3 1 0
github.com/gozzafadillah/user/domain/mocks/Repository.go:66.8,68.3 1 1
github.com/gozzafadillah/user/domain/mocks/Repository.go:71.51,73.3 1 0
github.com/gozzafadillah/user/domain/mocks/Repository.go:73.8,75.3 1 1
github.com/gozzafadillah/user/domain/mocks/Repository.go:81.103,85.70 3 1
github.com/gozzafadillah/user/domain/mocks/Repository.go:91.2,92.59 2 1
github.com/gozzafadillah/user/domain/mocks/Repository.go:98.2,98.15 1 1
github.com/gozzafadillah/user/domain/mocks/Repository.go:85.70,87.3 1 0
github.com/gozzafadillah/user/domain/mocks/Repository.go:87.8,89.3 1 1
github.com/gozzafadillah/user/domain/mocks/Repository.go:92.59,94.3 1 0
github.com/gozzafadillah/user/domain/mocks/Repository.go:94.8,96.3 1 1
github.com/gozzafadillah/user/domain/mocks/Repository.go:102.66,106.59 3 1
github.com/gozzafadillah/user/domain/mocks/Repository.go:112.2,113.61 2 1
github.com/gozzafadillah/user/domain/mocks/Repository.go:119.2,119.15 1 1
github.com/gozzafadillah/user/domain/mocks/Repository.go:106.59,108.3 1 0
github.com/gozzafadillah/user/domain/mocks/Repository.go:108.8,110.3 1 1
github.com/gozzafadillah/user/domain/mocks/Repository.go:113.61,115.3 1 0
github.com/gozzafadillah/user/domain/mocks/Repository.go:115.8,117.3 1 1
github.com/gozzafadillah/user/domain/mocks/Repository.go:123.46,127.19 3 0
github.com/gozzafadillah/user/domain/mocks/Repository.go:129.2,129.13 1 0
github.com/gozzafadillah/user/domain/mocks/Repository.go:127.19,127.49 1 0
github.com/gozzafadillah/user/repository/mysql/mysql.go:12.59,16.2 1 0
github.com/gozzafadillah/user/repository/mysql/mysql.go:21.87,27.2 5 0
github.com/gozzafadillah/user/repository/mysql/mysql.go:29.64,33.2 3 0
github.com/gozzafadillah/user/repository/mysql/mysql.go:36.73,40.2 3 0
github.com/gozzafadillah/user/repository/mysql/mysql.go:43.111,47.2 3 0
github.com/gozzafadillah/user/repository/mysql/mysql.go:50.70,55.2 4 0
github.com/gozzafadillah/product/handler/api/controller.go:18.70,22.2 1 0
github.com/gozzafadillah/product/handler/api/controller.go:24.56,27.37 3 0
github.com/gozzafadillah/product/handler/api/controller.go:34.2,35.16 2 0
github.com/gozzafadillah/product/handler/api/controller.go:42.2,46.4 1 0
github.com/gozzafadillah/product/handler/api/controller.go:27.37,32.3 1 0
github.com/gozzafadillah/product/handler/api/controller.go:35.16,40.3 1 0
github.com/gozzafadillah/product/handler/api/controller.go:49.56,53.16 3 0
github.com/gozzafadillah/product/handler/api/controller.go:60.2,64.4 1 0
github.com/gozzafadillah/product/handler/api/controller.go:53.16,58.3 1 0
github.com/gozzafadillah/product/handler/api/controller.go:67.56,71.37 3 0
github.com/gozzafadillah/product/handler/api/controller.go:78.2,79.16 2 0
github.com/gozzafadillah/product/handler/api/controller.go:85.2,89.4 1 0
github.com/gozzafadillah/product/handler/api/controller.go:71.37,76.3 1 0
github.com/gozzafadillah/product/handler/api/controller.go:79.16,84.3 1 0
github.com/gozzafadillah/product/handler/api/controller.go:93.60,96.16 3 0
github.com/gozzafadillah/product/handler/api/controller.go:102.2,106.4 1 0
github.com/gozzafadillah/product/handler/api/controller.go:96.16,101.3 1 0
github.com/gozzafadillah/product/handler/api/controller.go:109.63,111.16 2 0
github.com/gozzafadillah/product/handler/api/controller.go:117.2,121.4 1 0
github.com/gozzafadillah/product/handler/api/controller.go:111.16,116.3 1 0
github.com/gozzafadillah/product/handler/api/controller.go:123.61,126.22 2 0
github.com/gozzafadillah/product/handler/api/controller.go:154.2,157.4 1 0
github.com/gozzafadillah/product/handler/api/controller.go:126.22,128.17 2 0
github.com/gozzafadillah/product/handler/api/controller.go:134.3,138.5 1 0
github.com/gozzafadillah/product/handler/api/controller.go:128.17,133.4 1 0
github.com/gozzafadillah/product/handler/api/controller.go:140.8,140.29 1 0
github.com/gozzafadillah/product/handler/api/controller.go:140.29,142.17 2 0
github.com/gozzafadillah/product/handler/api/controller.go:148.3,152.5 1 0
github.com/gozzafadillah/product/handler/api/controller.go:142.17,147.4 1 0
github.com/gozzafadillah/product/handler/api/controller.go:160.64,163.37 2 0
github.com/gozzafadillah/product/handler/api/controller.go:170.2,172.16 2 0
github.com/gozzafadillah/product/handler/api/controller.go:178.2,182.4 1 0
github.com/gozzafadillah/product/handler/api/controller.go:163.37,168.3 1 0
github.com/gozzafadillah/product/handler/api/controller.go:172.16,177.3 1 0
github.com/gozzafadillah/product/handler/api/controller.go:185.58,187.20 2 0
github.com/gozzafadillah/product/handler/api/controller.go:193.2,194.16 2 0
github.com/gozzafadillah/product/handler/api/controller.go:200.2,204.4 1 0
github.com/gozzafadillah/product/handler/api/controller.go:187.20,191.3 1 0
github.com/gozzafadillah/product/handler/api/controller.go:194.16,199.3 1 0
github.com/gozzafadillah/product/handler/api/controller.go:207.65,211.16 3 0
github.com/gozzafadillah/product/handler/api/controller.go:217.2,221.4 1 0
github.com/gozzafadillah/product/handler/api/controller.go:211.16,216.3 1 0
github.com/gozzafadillah/product/service/usecase.go:13.77,17.2 1 0
github.com/gozzafadillah/product/service/usecase.go:20.83,22.16 2 0
github.com/gozzafadillah/product/service/usecase.go:25.2,25.18 1 0
github.com/gozzafadillah/product/service/usecase.go:22.16,24.3 1 0
github.com/gozzafadillah/product/service/usecase.go:29.73,31.16 2 0
github.com/gozzafadillah/product/service/usecase.go:34.2,34.18 1 0
github.com/gozzafadillah/product/service/usecase.go:31.16,33.3 1 0
github.com/gozzafadillah/product/service/usecase.go:38.78,40.16 2 0
github.com/gozzafadillah/product/service/usecase.go:43.2,43.18 1 0
github.com/gozzafadillah/product/service/usecase.go:40.16,42.3 1 0
github.com/gozzafadillah/product/service/usecase.go:47.101,49.16 2 0
github.com/gozzafadillah/product/service/usecase.go:52.2,53.16 2 0
[...]
github.com/gozzafadillah/transaction/domain/mocks/Service.go:115.2,115.15 1 0
github.com/gozzafadillah/transaction/domain/mocks/Service.go:102.72,104.3 1 0
github.com/gozzafadillah/transaction/domain/mocks/Service.go:104.8,106.3 1 0
github.com/gozzafadillah/transaction/domain/mocks/Service.go:109.51,111.3 1 0
github.com/gozzafadillah/transaction/domain/mocks/Service.go:111.8,113.3 1 0
github.com/gozzafadillah/transaction/domain/mocks/Service.go:119.37,123.46 3 0
github.com/gozzafadillah/transaction/domain/mocks/Service.go:129.2,129.11 1 0
github.com/gozzafadillah/transaction/domain/mocks/Service.go:123.46,125.3 1 0
github.com/gozzafadillah/transaction/domain/mocks/Service.go:125.8,127.3 1 0
github.com/gozzafadillah/transaction/domain/mocks/Service.go:133.77,137.51 3 0
github.com/gozzafadillah/transaction/domain/mocks/Service.go:143.2,143.11 1 0
github.com/gozzafadillah/transaction/domain/mocks/Service.go:137.51,139.3 1 0
github.com/gozzafadillah/transaction/domain/mocks/Service.go:139.8,141.3 1 0
github.com/gozzafadillah/transaction/domain/mocks/Service.go:147.112,151.72 3 0
github.com/gozzafadillah/transaction/domain/mocks/Service.go:157.2,158.75 2 0
github.com/gozzafadillah/transaction/domain/mocks/Service.go:164.2,165.74 2 0
github.com/gozzafadillah/transaction/domain/mocks/Service.go:171.2,171.19 1 0
github.com/gozzafadillah/transaction/domain/mocks/Service.go:151.72,153.3 1 0
github.com/gozzafadillah/transaction/domain/mocks/Service.go:153.8,155.3 1 0
github.com/gozzafadillah/transaction/domain/mocks/Service.go:158.75,160.3 1 0
github.com/gozzafadillah/transaction/domain/mocks/Service.go:160.8,162.3 1 0
github.com/gozzafadillah/transaction/domain/mocks/Service.go:165.74,167.3 1 0
github.com/gozzafadillah/transaction/domain/mocks/Service.go:167.8,169.3 1 0
github.com/gozzafadillah/transaction/domain/mocks/Service.go:175.54,179.53 3 0
github.com/gozzafadillah/transaction/domain/mocks/Service.go:185.2,185.11 1 0
github.com/gozzafadillah/transaction/domain/mocks/Service.go:179.53,181.3 1 0
github.com/gozzafadillah/transaction/domain/mocks/Service.go:181.8,183.3 1 0
github.com/gozzafadillah/transaction/domain/mocks/Service.go:189.40,193.19 3 0
github.com/gozzafadillah/transaction/domain/mocks/Service.go:195.2,195.13 1 0
github.com/gozzafadillah/transaction/domain/mocks/Service.go:193.19,193.49 1 0
github.com/gozzafadillah/user/domain/mocks/Repository.go:18.90,22.77 3 0
github.com/gozzafadillah/user/domain/mocks/Repository.go:28.2,29.66 2 0
github.com/gozzafadillah/user/domain/mocks/Repository.go:35.2,35.15 1 0
github.com/gozzafadillah/user/domain/mocks/Repository.go:22.77,24.3 1 0
github.com/gozzafadillah/user/domain/mocks/Repository.go:24.8,26.3 1 0
github.com/gozzafadillah/user/domain/mocks/Repository.go:29.66,31.3 1 0
github.com/gozzafadillah/user/domain/mocks/Repository.go:31.8,33.3 1 0
github.com/gozzafadillah/user/domain/mocks/Repository.go:39.65,43.59 3 0
github.com/gozzafadillah/user/domain/mocks/Repository.go:49.2,50.48 2 0
github.com/gozzafadillah/user/domain/mocks/Repository.go:56.2,56.15 1 0
github.com/gozzafadillah/user/domain/mocks/Repository.go:43.59,45.3 1 0
github.com/gozzafadillah/user/domain/mocks/Repository.go:45.8,47.3 1 0
github.com/gozzafadillah/user/domain/mocks/Repository.go:50.48,52.3 1 0
github.com/gozzafadillah/user/domain/mocks/Repository.go:52.8,54.3 1 0
github.com/gozzafadillah/user/domain/mocks/Repository.go:60.67,64.49 3 0
github.com/gozzafadillah/user/domain/mocks/Repository.go:70.2,71.51 2 0
github.com/gozzafadillah/user/domain/mocks/Repository.go:77.2,77.15 1 0
github.com/gozzafadillah/user/domain/mocks/Repository.go:64.49,66.3 1 0
github.com/gozzafadillah/user/domain/mocks/Repository.go:66.8,68.3 1 0
github.com/gozzafadillah/user/domain/mocks/Repository.go:71.51,73.3 1 0
github.com/gozzafadillah/user/domain/mocks/Repository.go:73.8,75.3 1 0
github.com/gozzafadillah/user/domain/mocks/Repository.go:81.103,85.70 3 0
github.com/gozzafadillah/user/domain/mocks/Repository.go:91.2,92.59 2 0
github.com/gozzafadillah/user/domain/mocks/Repository.go:98.2,98.15 1 0
github.com/gozzafadillah/user/domain/mocks/Repository.go:85.70,87.3 1 0
github.com/gozzafadillah/user/domain/mocks/Repository.go:87.8,89.3 1 0
github.com/gozzafadillah/user/domain/mocks/Repository.go:92.59,94.3 1 0
github.com/gozzafadillah/user/domain/mocks/Repository.go:94.8,96.3 1 0
github.com/gozzafadillah/user/domain/mocks/Repository.go:102.66,106.59 3 0
github.com/gozzafadillah/user/domain/mocks/Repository.go:112.2,113.61 2 0
github.com/gozzafadillah/user/domain/mocks/Repository.go:119.2,119.15 1 0
github.com/gozzafadillah/user/domain/mocks/Repository.go:106.59,108.3 1 0
github.com/gozzafadillah/user/domain/mocks/Repository.go:108.8,110.3 1 0
github.com/gozzafadillah/user/domain/mocks/Repository.go:113.61,115.3 1 0
github.com/gozzafadillah/user/domain/mocks/Repository.go:115.8,117.3 1 0
github.com/gozzafadillah/user/domain/mocks/Repository.go:123.46,127.19 3 0
github.com/gozzafadillah/user/domain/mocks/Repository.go:129.2,129.13 1 0
github.com/gozzafadillah/user/domain/mocks/Repository.go:127.19,127.49 1 0
github.com/gozzafadillah/transaction/repository/mysql/record.go:38.62,52.2 1 0
github.com/gozzafadillah/transaction/repository/mysql/record.go:54.64,70.2 1 0
github.com/gozzafadillah/user/handler/api/request/json.go:20.49,29.2 1 0
github.com/gozzafadillah/product/domain/mocks/Repository.go:18.45,22.48 3 0
github.com/gozzafadillah/product/domain/mocks/Repository.go:28.2,28.11 1 0
github.com/gozzafadillah/product/domain/mocks/Repository.go:22.48,24.3 1 0
github.com/gozzafadillah/product/domain/mocks/Repository.go:24.8,26.3 1 0
github.com/gozzafadillah/product/domain/mocks/Repository.go:32.70,36.64 3 0
github.com/gozzafadillah/product/domain/mocks/Repository.go:42.2,43.48 2 0
github.com/gozzafadillah/product/domain/mocks/Repository.go:49.2,49.15 1 0
github.com/gozzafadillah/product/domain/mocks/Repository.go:36.64,38.3 1 0
github.com/gozzafadillah/product/domain/mocks/Repository.go:38.8,40.3 1 0
github.com/gozzafadillah/product/domain/mocks/Repository.go:43.48,45.3 1 0
github.com/gozzafadillah/product/domain/mocks/Repository.go:45.8,47.3 1 0
github.com/gozzafadillah/product/domain/mocks/Repository.go:53.87,57.69 3 0
github.com/gozzafadillah/product/domain/mocks/Repository.go:65.2,66.51 2 0
github.com/gozzafadillah/product/domain/mocks/Repository.go:72.2,72.15 1 0
github.com/gozzafadillah/product/domain/mocks/Repository.go:57.69,59.3 1 0
github.com/gozzafadillah/product/domain/mocks/Repository.go:59.8,60.24 1 0
github.com/gozzafadillah/product/domain/mocks/Repository.go:60.24,62.4 1 0
github.com/gozzafadillah/product/domain/mocks/Repository.go:66.51,68.3 1 0
github.com/gozzafadillah/product/domain/mocks/Repository.go:68.8,70.3 1 0
github.com/gozzafadillah/product/domain/mocks/Repository.go:76.79,80.65 3 0
github.com/gozzafadillah/product/domain/mocks/Repository.go:86.2,87.48 2 0
github.com/gozzafadillah/product/domain/mocks/Repository.go:93.2,93.15 1 0
github.com/gozzafadillah/product/domain/mocks/Repository.go:80.65,82.3 1 0
github.com/gozzafadillah/product/domain/mocks/Repository.go:82.8,84.3 1 0
github.com/gozzafadillah/product/domain/mocks/Repository.go:87.48,89.3 1 0
github.com/gozzafadillah/product/domain/mocks/Repository.go:89.8,91.3 1 0
github.com/gozzafadillah/product/domain/mocks/Repository.go:97.70,101.63 3 0
github.com/gozzafadillah/product/domain/mocks/Repository.go:109.2,110.45 2 0
github.com/gozzafadillah/product/domain/mocks/Repository.go:116.2,116.15 1 0
github.com/gozzafadillah/product/domain/mocks/Repository.go:101.63,103.3 1 0
github.com/gozzafadillah/product/domain/mocks/Repository.go:103.8,104.24 1 0
github.com/gozzafadillah/product/domain/mocks/Repository.go:104.24,106.4 1 0
github.com/gozzafadillah/product/domain/mocks/Repository.go:110.45,112.3 1 0
github.com/gozzafadillah/product/domain/mocks/Repository.go:112.8,114.3 1 0
github.com/gozzafadillah/product/domain/mocks/Repository.go:120.80,124.65 3 0
github.com/gozzafadillah/product/domain/mocks/Repository.go:130.2,131.67 2 0
github.com/gozzafadillah/product/domain/mocks/Repository.go:137.2,137.15 1 0
github.com/gozzafadillah/product/domain/mocks/Repository.go:124.65,126.3 1 0
github.com/gozzafadillah/product/domain/mocks/Repository.go:126.8,128.3 1 0
github.com/gozzafadillah/product/domain/mocks/Repository.go:131.67,133.3 1 0
github.com/gozzafadillah/product/domain/mocks/Repository.go:133.8,135.3 1 0
github.com/gozzafadillah/product/domain/mocks/Repository.go:141.78,145.64 3 0
github.com/gozzafadillah/product/domain/mocks/Repository.go:151.2,152.66 2 0
github.com/gozzafadillah/product/domain/mocks/Repository.go:158.2,158.15 1 0
github.com/gozzafadillah/product/domain/mocks/Repository.go:145.64,147.3 1 0
github.com/gozzafadillah/product/domain/mocks/Repository.go:147.8,149.3 1 0
github.com/gozzafadillah/product/domain/mocks/Repository.go:152.66,154.3 1 0
github.com/gozzafadillah/product/domain/mocks/Repository.go:154.8,156.3 1 0
github.com/gozzafadillah/product/domain/mocks/Repository.go:162.74,166.71 3 0
github.com/gozzafadillah/product/domain/mocks/Repository.go:172.2,172.11 1 0
github.com/gozzafadillah/product/domain/mocks/Repository.go:166.71,168.3 1 0
github.com/gozzafadillah/product/domain/mocks/Repository.go:168.8,170.3 1 0
github.com/gozzafadillah/product/domain/mocks/Repository.go:176.46,180.19 3 0
github.com/gozzafadillah/product/domain/mocks/Repository.go:182.2,182.13 1 0
github.com/gozzafadillah/product/domain/mocks/Repository.go:180.19,180.49 1 0
github.com/gozzafadillah/user/service/usecase.go:15.96,20.2 1 0
github.com/gozzafadillah/user/service/usecase.go:24.72,26.16 2 0
github.com/gozzafadillah/user/service/usecase.go:29.2,29.18 1 0
github.com/gozzafadillah/user/service/usecase.go:26.16,28.3 1 0
github.com/gozzafadillah/user/service/usecase.go:33.74,36.16 3 0
github.com/gozzafadillah/user/service/usecase.go:39.2,40.16 2 0
github.com/gozzafadillah/user/service/usecase.go:43.2,43.18 1 0
github.com/gozzafadillah/user/service/usecase.go:36.16,38.3 1 0
github.com/gozzafadillah/user/service/usecase.go:40.16,42.3 1 0
github.com/gozzafadillah/user/service/usecase.go:47.78,49.16 2 0
github.com/gozzafadillah/user/service/usecase.go:52.2,53.16 2 0
github.com/gozzafadillah/user/service/usecase.go:56.2,56.18 1 0
github.com/gozzafadillah/user/service/usecase.go:49.16,51.3 1 0
github.com/gozzafadillah/user/service/usecase.go:53.16,55.3 1 0
github.com/gozzafadillah/user/service/usecase.go:60.79,63.16 2 0
github.com/gozzafadillah/user/service/usecase.go:67.2,69.16 2 0
github.com/gozzafadillah/user/service/usecase.go:72.2,72.19 1 0
github.com/gozzafadillah/user/service/usecase.go:63.16,65.3 1 0
github.com/gozzafadillah/user/service/usecase.go:69.16,71.3 1 0
github.com/gozzafadillah/user/service/usecase.go:76.98,79.16 2 0
github.com/gozzafadillah/user/service/usecase.go:82.2,83.16 2 0
github.com/gozzafadillah/user/service/usecase.go:86.2,86.20 1 0
github.com/gozzafadillah/user/service/usecase.go:79.16,81.3 1 0
github.com/gozzafadillah/user/service/usecase.go:83.16,85.3 1 0
github.com/gozzafadillah/user/handler/api/response/json.go:12.55,19.2 1 0
github.com/gozzafadillah/user/domain/mocks/Service.go:18.71,22.62 3 0
github.com/gozzafadillah/user/domain/mocks/Service.go:28.2,29.51 2 0
github.com/gozzafadillah/user/domain/mocks/Service.go:35.2,35.15 1 0
github.com/gozzafadillah/user/domain/mocks/Service.go:22.62,24.3 1 0
github.com/gozzafadillah/user/domain/mocks/Service.go:24.8,26.3 1 0
github.com/gozzafadillah/user/domain/mocks/Service.go:29.51,31.3 1 0
github.com/gozzafadillah/user/domain/mocks/Service.go:31.8,33.3 1 0
github.com/gozzafadillah/user/domain/mocks/Service.go:39.60,43.59 3 0
github.com/gozzafadillah/user/domain/mocks/Service.go:49.2,50.48 2 0
github.com/gozzafadillah/user/domain/mocks/Service.go:56.2,56.15 1 0
github.com/gozzafadillah/user/domain/mocks/Service.go:43.59,45.3 1 0
github.com/gozzafadillah/user/domain/mocks/Service.go:45.8,47.3 1 0
github.com/gozzafadillah/user/domain/mocks/Service.go:50.48,52.3 1 0
github.com/gozzafadillah/user/domain/mocks/Service.go:52.8,54.3 1 0
github.com/gozzafadillah/user/domain/mocks/Service.go:60.75,64.62 3 0
github.com/gozzafadillah/user/domain/mocks/Service.go:70.2,71.51 2 0
github.com/gozzafadillah/user/domain/mocks/Service.go:77.2,77.15 1 0
github.com/gozzafadillah/user/domain/mocks/Service.go:64.62,66.3 1 0
github.com/gozzafadillah/user/domain/mocks/Service.go:66.8,68.3 1 0
github.com/gozzafadillah/user/domain/mocks/Service.go:71.51,73.3 1 0
github.com/gozzafadillah/user/domain/mocks/Service.go:73.8,75.3 1 0
github.com/gozzafadillah/user/domain/mocks/Service.go:81.82,85.72 3 0
github.com/gozzafadillah/user/domain/mocks/Service.go:91.2,92.61 2 0
github.com/gozzafadillah/user/domain/mocks/Service.go:98.2,98.15 1 0
github.com/gozzafadillah/user/domain/mocks/Service.go:85.72,87.3 1 0
github.com/gozzafadillah/user/domain/mocks/Service.go:87.8,89.3 1 0
github.com/gozzafadillah/user/domain/mocks/Service.go:92.61,94.3 1 0
github.com/gozzafadillah/user/domain/mocks/Service.go:94.8,96.3 1 0
github.com/gozzafadillah/user/domain/mocks/Service.go:102.76,106.60 3 0
github.com/gozzafadillah/user/domain/mocks/Service.go:112.2,113.59 2 0
github.com/gozzafadillah/user/domain/mocks/Service.go:119.2,119.15 1 0
github.com/gozzafadillah/user/domain/mocks/Service.go:106.60,108.3 1 0
github.com/gozzafadillah/user/domain/mocks/Service.go:108.8,110.3 1 0
github.com/gozzafadillah/user/domain/mocks/Service.go:113.59,115.3 1 0
github.com/gozzafadillah/user/domain/mocks/Service.go:115.8,117.3 1 0
github.com/gozzafadillah/user/domain/mocks/Service.go:123.40,127.19 3 0
github.com/gozzafadillah/user/domain/mocks/Service.go:129.2,129.13 1 0
github.com/gozzafadillah/user/domain/mocks/Service.go:127.19,127.49 1 0
github.com/gozzafadillah/transaction/repository/mysql/mysql.go:23.59,27.2 3 0
github.com/gozzafadillah/transaction/repository/mysql/mysql.go:30.92,34.2 3 0
github.com/gozzafadillah/transaction/repository/mysql/mysql.go:36.73,40.2 1 0
github.com/gozzafadillah/transaction/repository/mysql/mysql.go:43.60,47.2 3 0
github.com/gozzafadillah/transaction/repository/mysql/mysql.go:50.110,61.16 9 0
github.com/gozzafadillah/transaction/repository/mysql/mysql.go:65.2,67.16 3 0
github.com/gozzafadillah/transaction/repository/mysql/mysql.go:71.2,73.62 3 0
github.com/gozzafadillah/transaction/repository/mysql/mysql.go:78.2,78.14 1 0
github.com/gozzafadillah/transaction/repository/mysql/mysql.go:61.16,63.3 1 0
github.com/gozzafadillah/transaction/repository/mysql/mysql.go:67.16,69.3 1 0
github.com/gozzafadillah/transaction/repository/mysql/mysql.go:73.62,74.125 1 0
github.com/gozzafadillah/transaction/repository/mysql/mysql.go:74.125,76.4 1 0
github.com/gozzafadillah/transaction/repository/mysql/mysql.go:82.122,93.16 9 0
github.com/gozzafadillah/transaction/repository/mysql/mysql.go:97.2,99.16 3 0
github.com/gozzafadillah/transaction/repository/mysql/mysql.go:103.2,105.28 3 0
github.com/gozzafadillah/transaction/repository/mysql/mysql.go:93.16,95.3 1 0
github.com/gozzafadillah/transaction/repository/mysql/mysql.go:99.16,101.3 1 0
github.com/gozzafadillah/transaction/repository/mysql/mysql.go:109.63,117.16 6 0
github.com/gozzafadillah/transaction/repository/mysql/mysql.go:121.2,129.54 7 0
github.com/gozzafadillah/transaction/repository/mysql/mysql.go:137.2,137.41 1 0
github.com/gozzafadillah/transaction/repository/mysql/mysql.go:117.16,119.3 1 0
github.com/gozzafadillah/transaction/repository/mysql/mysql.go:129.54,130.50 1 0
github.com/gozzafadillah/transaction/repository/mysql/mysql.go:130.50,135.4 4 0
github.com/gozzafadillah/transaction/repository/mysql/mysql.go:141.89,145.2 3 0
github.com/gozzafadillah/transaction/repository/mysql/mysql.go:148.85,152.2 3 0
github.com/gozzafadillah/transaction/repository/mysql/mysql.go:155.87,159.2 3 0
github.com/gozzafadillah/transaction/repository/mysql/mysql.go:162.163,171.2 8 0
github.com/gozzafadillah/transaction/repository/mysql/mysql.go:174.142,186.2 11 0
github.com/gozzafadillah/user/repository/mysql/mysql.go:12.59,16.2 1 0
github.com/gozzafadillah/user/repository/mysql/mysql.go:21.87,27.2 5 0
github.com/gozzafadillah/user/repository/mysql/mysql.go:29.64,33.2 3 0
github.com/gozzafadillah/user/repository/mysql/mysql.go:36.73,40.2 3 0
github.com/gozzafadillah/user/repository/mysql/mysql.go:43.111,47.2 3 0
github.com/gozzafadillah/user/repository/mysql/mysql.go:50.70,55.2 4 0
github.com/gozzafadillah/product/service/usecase.go:13.77,17.2 1 0
github.com/gozzafadillah/product/service/usecase.go:20.83,22.16 2 0
github.com/gozzafadillah/product/service/usecase.go:25.2,25.18 1 0
github.com/gozzafadillah/product/service/usecase.go:22.16,24.3 1 0
github.com/gozzafadillah/product/service/usecase.go:29.73,31.16 2 0
github.com/gozzafadillah/product/service/usecase.go:34.2,34.18 1 0
github.com/gozzafadillah/product/service/usecase.go:31.16,33.3 1 0
github.com/gozzafadillah/product/service/usecase.go:38.78,40.16 2 0
github.com/gozzafadillah/product/service/usecase.go:43.2,43.18 1 0
github.com/gozzafadillah/product/service/usecase.go:40.16,42.3 1 0
github.com/gozzafadillah/product/service/usecase.go:47.101,49.16 2 0
github.com/gozzafadillah/product/service/usecase.go:52.2,53.16 2 0
github.com/gozzafadillah/product/service/usecase.go:57.2,57.18 1 0
github.com/gozzafadillah/product/service/usecase.go:49.16,51.3 1 0
github.com/gozzafadillah/product/service/usecase.go:53.16,55.3 1 0
github.com/gozzafadillah/product/service/usecase.go:61.80,63.16 2 0
github.com/gozzafadillah/product/service/usecase.go:66.2,67.31 2 0
github.com/gozzafadillah/product/service/usecase.go:71.2,71.18 1 0
github.com/gozzafadillah/product/service/usecase.go:63.16,65.3 1 0
github.com/gozzafadillah/product/service/usecase.go:67.31,69.3 1 0
github.com/gozzafadillah/product/service/usecase.go:75.107,77.16 2 0
github.com/gozzafadillah/product/service/usecase.go:80.2,81.16 2 0
github.com/gozzafadillah/product/service/usecase.go:84.2,84.18 1 0
github.com/gozzafadillah/product/service/usecase.go:77.16,79.3 1 0
github.com/gozzafadillah/product/service/usecase.go:81.16,83.3 1 0
github.com/gozzafadillah/product/service/usecase.go:88.44,91.14 2 0
github.com/gozzafadillah/product/service/usecase.go:91.14,94.23 3 0
github.com/gozzafadillah/product/service/usecase.go:94.23,95.39 1 0
github.com/gozzafadillah/product/service/usecase.go:99.4,99.7 1 0
github.com/gozzafadillah/product/service/usecase.go:95.39,98.5 2 0
github.com/gozzafadillah/product/service/usecase.go:104.73,106.16 2 0
github.com/gozzafadillah/product/service/usecase.go:110.2,112.18 2 0
github.com/gozzafadillah/product/service/usecase.go:106.16,108.3 1 0
github.com/gozzafadillah/product/service/usecase.go:116.44,119.14 2 0
github.com/gozzafadillah/product/service/usecase.go:119.14,122.23 3 0
github.com/gozzafadillah/product/service/usecase.go:122.23,123.39 1 0
github.com/gozzafadillah/product/service/usecase.go:127.4,127.7 1 0
github.com/gozzafadillah/product/service/usecase.go:123.39,126.5 2 0
github.com/gozzafadillah/product/service/usecase.go:131.73,133.16 2 0
github.com/gozzafadillah/product/service/usecase.go:136.2,138.18 2 0
github.com/gozzafadillah/product/service/usecase.go:133.16,135.3 1 0
github.com/gozzafadillah/product/service/usecase.go:142.84,144.16 2 0
github.com/gozzafadillah/product/service/usecase.go:147.2,147.18 1 0
github.com/gozzafadillah/product/service/usecase.go:144.16,146.3 1 0
github.com/gozzafadillah/product/service/usecase.go:151.82,153.16 2 0
github.com/gozzafadillah/product/service/usecase.go:156.2,156.18 1 0
github.com/gozzafadillah/product/service/usecase.go:153.16,155.3 1 0
github.com/gozzafadillah/product/service/usecase.go:160.104,162.16 2 0
github.com/gozzafadillah/product/service/usecase.go:165.2,166.16 2 0
github.com/gozzafadillah/product/service/usecase.go:170.2,170.18 1 0
github.com/gozzafadillah/product/service/usecase.go:162.16,164.3 1 0
github.com/gozzafadillah/product/service/usecase.go:166.16,168.3 1 0
